[2022-01-29 21:08:02,089] {processor.py:163} INFO - Started process (PID=2926) to work on /Users/user/Youtubed/YTVM/lib/python3.9/site-packages/airflow/example_dags/example_trigger_controller_dag.py
[2022-01-29 21:08:02,089] {processor.py:642} INFO - Processing file /Users/user/Youtubed/YTVM/lib/python3.9/site-packages/airflow/example_dags/example_trigger_controller_dag.py for tasks to queue
[2022-01-29 21:08:02,090] {logging_mixin.py:109} INFO - [2022-01-29 21:08:02,090] {dagbag.py:500} INFO - Filling up the DagBag from /Users/user/Youtubed/YTVM/lib/python3.9/site-packages/airflow/example_dags/example_trigger_controller_dag.py
[2022-01-29 21:08:02,191] {processor.py:654} INFO - DAG(s) dict_keys(['example_trigger_controller_dag']) retrieved from /Users/user/Youtubed/YTVM/lib/python3.9/site-packages/airflow/example_dags/example_trigger_controller_dag.py
[2022-01-29 21:08:02,266] {logging_mixin.py:109} INFO - [2022-01-29 21:08:02,263] {dag.py:2396} INFO - Sync 1 DAGs
[2022-01-29 21:08:02,310] {logging_mixin.py:109} INFO - [2022-01-29 21:08:02,308] {dag.py:2935} INFO - Setting next_dagrun for example_trigger_controller_dag to 2021-01-01T00:00:00+00:00
[2022-01-29 21:08:02,355] {processor.py:171} INFO - Processing /Users/user/Youtubed/YTVM/lib/python3.9/site-packages/airflow/example_dags/example_trigger_controller_dag.py took 0.266 seconds
[2022-01-29 21:09:50,410] {processor.py:163} INFO - Started process (PID=2970) to work on /Users/user/Youtubed/YTVM/lib/python3.9/site-packages/airflow/example_dags/example_trigger_controller_dag.py
[2022-01-29 21:09:50,418] {processor.py:642} INFO - Processing file /Users/user/Youtubed/YTVM/lib/python3.9/site-packages/airflow/example_dags/example_trigger_controller_dag.py for tasks to queue
[2022-01-29 21:09:50,419] {logging_mixin.py:109} INFO - [2022-01-29 21:09:50,419] {dagbag.py:500} INFO - Filling up the DagBag from /Users/user/Youtubed/YTVM/lib/python3.9/site-packages/airflow/example_dags/example_trigger_controller_dag.py
[2022-01-29 21:09:50,458] {processor.py:654} INFO - DAG(s) dict_keys(['example_trigger_controller_dag']) retrieved from /Users/user/Youtubed/YTVM/lib/python3.9/site-packages/airflow/example_dags/example_trigger_controller_dag.py
[2022-01-29 21:09:50,479] {logging_mixin.py:109} INFO - [2022-01-29 21:09:50,478] {dag.py:2396} INFO - Sync 1 DAGs
[2022-01-29 21:09:50,489] {logging_mixin.py:109} INFO - [2022-01-29 21:09:50,489] {dag.py:2935} INFO - Setting next_dagrun for example_trigger_controller_dag to 2021-01-01T00:00:00+00:00
[2022-01-29 21:09:50,497] {processor.py:171} INFO - Processing /Users/user/Youtubed/YTVM/lib/python3.9/site-packages/airflow/example_dags/example_trigger_controller_dag.py took 0.088 seconds
[2022-01-29 21:11:04,412] {processor.py:163} INFO - Started process (PID=3011) to work on /Users/user/Youtubed/YTVM/lib/python3.9/site-packages/airflow/example_dags/example_trigger_controller_dag.py
[2022-01-29 21:11:04,421] {processor.py:642} INFO - Processing file /Users/user/Youtubed/YTVM/lib/python3.9/site-packages/airflow/example_dags/example_trigger_controller_dag.py for tasks to queue
[2022-01-29 21:11:04,422] {logging_mixin.py:109} INFO - [2022-01-29 21:11:04,422] {dagbag.py:500} INFO - Filling up the DagBag from /Users/user/Youtubed/YTVM/lib/python3.9/site-packages/airflow/example_dags/example_trigger_controller_dag.py
[2022-01-29 21:11:04,464] {processor.py:654} INFO - DAG(s) dict_keys(['example_trigger_controller_dag']) retrieved from /Users/user/Youtubed/YTVM/lib/python3.9/site-packages/airflow/example_dags/example_trigger_controller_dag.py
[2022-01-29 21:11:04,484] {logging_mixin.py:109} INFO - [2022-01-29 21:11:04,484] {dag.py:2396} INFO - Sync 1 DAGs
[2022-01-29 21:11:04,493] {logging_mixin.py:109} INFO - [2022-01-29 21:11:04,493] {dag.py:2935} INFO - Setting next_dagrun for example_trigger_controller_dag to 2021-01-01T00:00:00+00:00
[2022-01-29 21:11:04,500] {processor.py:171} INFO - Processing /Users/user/Youtubed/YTVM/lib/python3.9/site-packages/airflow/example_dags/example_trigger_controller_dag.py took 0.089 seconds
[2022-01-29 21:12:16,292] {processor.py:163} INFO - Started process (PID=3052) to work on /Users/user/Youtubed/YTVM/lib/python3.9/site-packages/airflow/example_dags/example_trigger_controller_dag.py
[2022-01-29 21:12:16,301] {processor.py:642} INFO - Processing file /Users/user/Youtubed/YTVM/lib/python3.9/site-packages/airflow/example_dags/example_trigger_controller_dag.py for tasks to queue
[2022-01-29 21:12:16,302] {logging_mixin.py:109} INFO - [2022-01-29 21:12:16,302] {dagbag.py:500} INFO - Filling up the DagBag from /Users/user/Youtubed/YTVM/lib/python3.9/site-packages/airflow/example_dags/example_trigger_controller_dag.py
[2022-01-29 21:12:16,339] {processor.py:654} INFO - DAG(s) dict_keys(['example_trigger_controller_dag']) retrieved from /Users/user/Youtubed/YTVM/lib/python3.9/site-packages/airflow/example_dags/example_trigger_controller_dag.py
[2022-01-29 21:12:16,358] {logging_mixin.py:109} INFO - [2022-01-29 21:12:16,358] {dag.py:2396} INFO - Sync 1 DAGs
[2022-01-29 21:12:16,369] {logging_mixin.py:109} INFO - [2022-01-29 21:12:16,368] {dag.py:2935} INFO - Setting next_dagrun for example_trigger_controller_dag to 2021-01-01T00:00:00+00:00
[2022-01-29 21:12:16,378] {processor.py:171} INFO - Processing /Users/user/Youtubed/YTVM/lib/python3.9/site-packages/airflow/example_dags/example_trigger_controller_dag.py took 0.087 seconds
[2022-01-29 21:13:34,600] {processor.py:163} INFO - Started process (PID=3077) to work on /Users/user/Youtubed/YTVM/lib/python3.9/site-packages/airflow/example_dags/example_trigger_controller_dag.py
[2022-01-29 21:13:34,608] {processor.py:642} INFO - Processing file /Users/user/Youtubed/YTVM/lib/python3.9/site-packages/airflow/example_dags/example_trigger_controller_dag.py for tasks to queue
[2022-01-29 21:13:34,610] {logging_mixin.py:109} INFO - [2022-01-29 21:13:34,610] {dagbag.py:500} INFO - Filling up the DagBag from /Users/user/Youtubed/YTVM/lib/python3.9/site-packages/airflow/example_dags/example_trigger_controller_dag.py
[2022-01-29 21:13:34,763] {processor.py:654} INFO - DAG(s) dict_keys(['example_trigger_controller_dag']) retrieved from /Users/user/Youtubed/YTVM/lib/python3.9/site-packages/airflow/example_dags/example_trigger_controller_dag.py
[2022-01-29 21:13:34,878] {logging_mixin.py:109} INFO - [2022-01-29 21:13:34,878] {dag.py:2396} INFO - Sync 1 DAGs
[2022-01-29 21:13:34,929] {logging_mixin.py:109} INFO - [2022-01-29 21:13:34,929] {dag.py:2935} INFO - Setting next_dagrun for example_trigger_controller_dag to 2021-01-01T00:00:00+00:00
[2022-01-29 21:13:34,949] {processor.py:171} INFO - Processing /Users/user/Youtubed/YTVM/lib/python3.9/site-packages/airflow/example_dags/example_trigger_controller_dag.py took 0.351 seconds
[2022-01-29 21:15:10,316] {processor.py:163} INFO - Started process (PID=3105) to work on /Users/user/Youtubed/YTVM/lib/python3.9/site-packages/airflow/example_dags/example_trigger_controller_dag.py
[2022-01-29 21:15:10,333] {processor.py:642} INFO - Processing file /Users/user/Youtubed/YTVM/lib/python3.9/site-packages/airflow/example_dags/example_trigger_controller_dag.py for tasks to queue
[2022-01-29 21:15:10,334] {logging_mixin.py:109} INFO - [2022-01-29 21:15:10,334] {dagbag.py:500} INFO - Filling up the DagBag from /Users/user/Youtubed/YTVM/lib/python3.9/site-packages/airflow/example_dags/example_trigger_controller_dag.py
[2022-01-29 21:15:10,370] {processor.py:654} INFO - DAG(s) dict_keys(['example_trigger_controller_dag']) retrieved from /Users/user/Youtubed/YTVM/lib/python3.9/site-packages/airflow/example_dags/example_trigger_controller_dag.py
[2022-01-29 21:15:10,391] {logging_mixin.py:109} INFO - [2022-01-29 21:15:10,390] {dag.py:2396} INFO - Sync 1 DAGs
[2022-01-29 21:15:10,401] {logging_mixin.py:109} INFO - [2022-01-29 21:15:10,401] {dag.py:2935} INFO - Setting next_dagrun for example_trigger_controller_dag to 2021-01-01T00:00:00+00:00
[2022-01-29 21:15:10,410] {processor.py:171} INFO - Processing /Users/user/Youtubed/YTVM/lib/python3.9/site-packages/airflow/example_dags/example_trigger_controller_dag.py took 0.094 seconds
[2022-01-29 21:16:26,196] {processor.py:163} INFO - Started process (PID=3148) to work on /Users/user/Youtubed/YTVM/lib/python3.9/site-packages/airflow/example_dags/example_trigger_controller_dag.py
[2022-01-29 21:16:26,197] {processor.py:642} INFO - Processing file /Users/user/Youtubed/YTVM/lib/python3.9/site-packages/airflow/example_dags/example_trigger_controller_dag.py for tasks to queue
[2022-01-29 21:16:26,198] {logging_mixin.py:109} INFO - [2022-01-29 21:16:26,198] {dagbag.py:500} INFO - Filling up the DagBag from /Users/user/Youtubed/YTVM/lib/python3.9/site-packages/airflow/example_dags/example_trigger_controller_dag.py
[2022-01-29 21:16:26,231] {processor.py:654} INFO - DAG(s) dict_keys(['example_trigger_controller_dag']) retrieved from /Users/user/Youtubed/YTVM/lib/python3.9/site-packages/airflow/example_dags/example_trigger_controller_dag.py
[2022-01-29 21:16:26,251] {logging_mixin.py:109} INFO - [2022-01-29 21:16:26,251] {dag.py:2396} INFO - Sync 1 DAGs
[2022-01-29 21:16:26,264] {logging_mixin.py:109} INFO - [2022-01-29 21:16:26,264] {dag.py:2935} INFO - Setting next_dagrun for example_trigger_controller_dag to 2021-01-01T00:00:00+00:00
[2022-01-29 21:16:26,276] {processor.py:171} INFO - Processing /Users/user/Youtubed/YTVM/lib/python3.9/site-packages/airflow/example_dags/example_trigger_controller_dag.py took 0.080 seconds
[2022-01-29 21:17:53,539] {processor.py:163} INFO - Started process (PID=3180) to work on /Users/user/Youtubed/YTVM/lib/python3.9/site-packages/airflow/example_dags/example_trigger_controller_dag.py
[2022-01-29 21:17:53,541] {processor.py:642} INFO - Processing file /Users/user/Youtubed/YTVM/lib/python3.9/site-packages/airflow/example_dags/example_trigger_controller_dag.py for tasks to queue
[2022-01-29 21:17:53,542] {logging_mixin.py:109} INFO - [2022-01-29 21:17:53,542] {dagbag.py:500} INFO - Filling up the DagBag from /Users/user/Youtubed/YTVM/lib/python3.9/site-packages/airflow/example_dags/example_trigger_controller_dag.py
[2022-01-29 21:17:53,592] {processor.py:654} INFO - DAG(s) dict_keys(['example_trigger_controller_dag']) retrieved from /Users/user/Youtubed/YTVM/lib/python3.9/site-packages/airflow/example_dags/example_trigger_controller_dag.py
[2022-01-29 21:17:53,619] {logging_mixin.py:109} INFO - [2022-01-29 21:17:53,619] {dag.py:2396} INFO - Sync 1 DAGs
[2022-01-29 21:17:53,633] {logging_mixin.py:109} INFO - [2022-01-29 21:17:53,633] {dag.py:2935} INFO - Setting next_dagrun for example_trigger_controller_dag to 2021-01-01T00:00:00+00:00
[2022-01-29 21:17:53,643] {processor.py:171} INFO - Processing /Users/user/Youtubed/YTVM/lib/python3.9/site-packages/airflow/example_dags/example_trigger_controller_dag.py took 0.105 seconds
