[2022-01-29 21:07:50,166] {processor.py:163} INFO - Started process (PID=2920) to work on /Users/user/Youtubed/YTVM/lib/python3.9/site-packages/airflow/example_dags/example_xcom.py
[2022-01-29 21:07:50,167] {processor.py:642} INFO - Processing file /Users/user/Youtubed/YTVM/lib/python3.9/site-packages/airflow/example_dags/example_xcom.py for tasks to queue
[2022-01-29 21:07:50,168] {logging_mixin.py:109} INFO - [2022-01-29 21:07:50,168] {dagbag.py:500} INFO - Filling up the DagBag from /Users/user/Youtubed/YTVM/lib/python3.9/site-packages/airflow/example_dags/example_xcom.py
[2022-01-29 21:07:50,329] {processor.py:654} INFO - DAG(s) dict_keys(['example_xcom']) retrieved from /Users/user/Youtubed/YTVM/lib/python3.9/site-packages/airflow/example_dags/example_xcom.py
[2022-01-29 21:07:50,835] {logging_mixin.py:109} INFO - [2022-01-29 21:07:50,834] {dag.py:2396} INFO - Sync 1 DAGs
[2022-01-29 21:07:50,846] {logging_mixin.py:109} INFO - [2022-01-29 21:07:50,846] {dag.py:2935} INFO - Setting next_dagrun for example_xcom to 2021-01-01T00:00:00+00:00
[2022-01-29 21:07:50,864] {processor.py:171} INFO - Processing /Users/user/Youtubed/YTVM/lib/python3.9/site-packages/airflow/example_dags/example_xcom.py took 0.699 seconds
[2022-01-29 21:09:44,287] {processor.py:163} INFO - Started process (PID=2968) to work on /Users/user/Youtubed/YTVM/lib/python3.9/site-packages/airflow/example_dags/example_xcom.py
[2022-01-29 21:09:44,296] {processor.py:642} INFO - Processing file /Users/user/Youtubed/YTVM/lib/python3.9/site-packages/airflow/example_dags/example_xcom.py for tasks to queue
[2022-01-29 21:09:44,297] {logging_mixin.py:109} INFO - [2022-01-29 21:09:44,297] {dagbag.py:500} INFO - Filling up the DagBag from /Users/user/Youtubed/YTVM/lib/python3.9/site-packages/airflow/example_dags/example_xcom.py
[2022-01-29 21:09:44,351] {processor.py:654} INFO - DAG(s) dict_keys(['example_xcom']) retrieved from /Users/user/Youtubed/YTVM/lib/python3.9/site-packages/airflow/example_dags/example_xcom.py
[2022-01-29 21:09:44,607] {logging_mixin.py:109} INFO - [2022-01-29 21:09:44,607] {dag.py:2396} INFO - Sync 1 DAGs
[2022-01-29 21:09:44,617] {logging_mixin.py:109} INFO - [2022-01-29 21:09:44,617] {dag.py:2935} INFO - Setting next_dagrun for example_xcom to 2021-01-01T00:00:00+00:00
[2022-01-29 21:09:44,636] {processor.py:171} INFO - Processing /Users/user/Youtubed/YTVM/lib/python3.9/site-packages/airflow/example_dags/example_xcom.py took 0.349 seconds
[2022-01-29 21:10:57,329] {processor.py:163} INFO - Started process (PID=3002) to work on /Users/user/Youtubed/YTVM/lib/python3.9/site-packages/airflow/example_dags/example_xcom.py
[2022-01-29 21:10:57,338] {processor.py:642} INFO - Processing file /Users/user/Youtubed/YTVM/lib/python3.9/site-packages/airflow/example_dags/example_xcom.py for tasks to queue
[2022-01-29 21:10:57,339] {logging_mixin.py:109} INFO - [2022-01-29 21:10:57,339] {dagbag.py:500} INFO - Filling up the DagBag from /Users/user/Youtubed/YTVM/lib/python3.9/site-packages/airflow/example_dags/example_xcom.py
[2022-01-29 21:10:57,392] {processor.py:654} INFO - DAG(s) dict_keys(['example_xcom']) retrieved from /Users/user/Youtubed/YTVM/lib/python3.9/site-packages/airflow/example_dags/example_xcom.py
[2022-01-29 21:10:57,642] {logging_mixin.py:109} INFO - [2022-01-29 21:10:57,641] {dag.py:2396} INFO - Sync 1 DAGs
[2022-01-29 21:10:57,651] {logging_mixin.py:109} INFO - [2022-01-29 21:10:57,651] {dag.py:2935} INFO - Setting next_dagrun for example_xcom to 2021-01-01T00:00:00+00:00
[2022-01-29 21:10:57,671] {processor.py:171} INFO - Processing /Users/user/Youtubed/YTVM/lib/python3.9/site-packages/airflow/example_dags/example_xcom.py took 0.343 seconds
[2022-01-29 21:12:10,361] {processor.py:163} INFO - Started process (PID=3049) to work on /Users/user/Youtubed/YTVM/lib/python3.9/site-packages/airflow/example_dags/example_xcom.py
[2022-01-29 21:12:10,370] {processor.py:642} INFO - Processing file /Users/user/Youtubed/YTVM/lib/python3.9/site-packages/airflow/example_dags/example_xcom.py for tasks to queue
[2022-01-29 21:12:10,370] {logging_mixin.py:109} INFO - [2022-01-29 21:12:10,370] {dagbag.py:500} INFO - Filling up the DagBag from /Users/user/Youtubed/YTVM/lib/python3.9/site-packages/airflow/example_dags/example_xcom.py
[2022-01-29 21:12:10,430] {processor.py:654} INFO - DAG(s) dict_keys(['example_xcom']) retrieved from /Users/user/Youtubed/YTVM/lib/python3.9/site-packages/airflow/example_dags/example_xcom.py
[2022-01-29 21:12:10,672] {logging_mixin.py:109} INFO - [2022-01-29 21:12:10,672] {dag.py:2396} INFO - Sync 1 DAGs
[2022-01-29 21:12:10,681] {logging_mixin.py:109} INFO - [2022-01-29 21:12:10,681] {dag.py:2935} INFO - Setting next_dagrun for example_xcom to 2021-01-01T00:00:00+00:00
[2022-01-29 21:12:10,700] {processor.py:171} INFO - Processing /Users/user/Youtubed/YTVM/lib/python3.9/site-packages/airflow/example_dags/example_xcom.py took 0.339 seconds
[2022-01-29 21:13:24,572] {processor.py:163} INFO - Started process (PID=3075) to work on /Users/user/Youtubed/YTVM/lib/python3.9/site-packages/airflow/example_dags/example_xcom.py
[2022-01-29 21:13:24,580] {processor.py:642} INFO - Processing file /Users/user/Youtubed/YTVM/lib/python3.9/site-packages/airflow/example_dags/example_xcom.py for tasks to queue
[2022-01-29 21:13:24,582] {logging_mixin.py:109} INFO - [2022-01-29 21:13:24,582] {dagbag.py:500} INFO - Filling up the DagBag from /Users/user/Youtubed/YTVM/lib/python3.9/site-packages/airflow/example_dags/example_xcom.py
[2022-01-29 21:13:24,649] {processor.py:654} INFO - DAG(s) dict_keys(['example_xcom']) retrieved from /Users/user/Youtubed/YTVM/lib/python3.9/site-packages/airflow/example_dags/example_xcom.py
[2022-01-29 21:13:24,875] {logging_mixin.py:109} INFO - [2022-01-29 21:13:24,875] {dag.py:2396} INFO - Sync 1 DAGs
[2022-01-29 21:13:24,886] {logging_mixin.py:109} INFO - [2022-01-29 21:13:24,886] {dag.py:2935} INFO - Setting next_dagrun for example_xcom to 2021-01-01T00:00:00+00:00
[2022-01-29 21:13:24,903] {processor.py:171} INFO - Processing /Users/user/Youtubed/YTVM/lib/python3.9/site-packages/airflow/example_dags/example_xcom.py took 0.332 seconds
[2022-01-29 21:15:03,980] {processor.py:163} INFO - Started process (PID=3103) to work on /Users/user/Youtubed/YTVM/lib/python3.9/site-packages/airflow/example_dags/example_xcom.py
[2022-01-29 21:15:03,988] {processor.py:642} INFO - Processing file /Users/user/Youtubed/YTVM/lib/python3.9/site-packages/airflow/example_dags/example_xcom.py for tasks to queue
[2022-01-29 21:15:03,989] {logging_mixin.py:109} INFO - [2022-01-29 21:15:03,989] {dagbag.py:500} INFO - Filling up the DagBag from /Users/user/Youtubed/YTVM/lib/python3.9/site-packages/airflow/example_dags/example_xcom.py
[2022-01-29 21:15:04,049] {processor.py:654} INFO - DAG(s) dict_keys(['example_xcom']) retrieved from /Users/user/Youtubed/YTVM/lib/python3.9/site-packages/airflow/example_dags/example_xcom.py
[2022-01-29 21:15:04,296] {logging_mixin.py:109} INFO - [2022-01-29 21:15:04,296] {dag.py:2396} INFO - Sync 1 DAGs
[2022-01-29 21:15:04,306] {logging_mixin.py:109} INFO - [2022-01-29 21:15:04,306] {dag.py:2935} INFO - Setting next_dagrun for example_xcom to 2021-01-01T00:00:00+00:00
[2022-01-29 21:15:04,325] {processor.py:171} INFO - Processing /Users/user/Youtubed/YTVM/lib/python3.9/site-packages/airflow/example_dags/example_xcom.py took 0.346 seconds
[2022-01-29 21:16:20,316] {processor.py:163} INFO - Started process (PID=3146) to work on /Users/user/Youtubed/YTVM/lib/python3.9/site-packages/airflow/example_dags/example_xcom.py
[2022-01-29 21:16:20,318] {processor.py:642} INFO - Processing file /Users/user/Youtubed/YTVM/lib/python3.9/site-packages/airflow/example_dags/example_xcom.py for tasks to queue
[2022-01-29 21:16:20,318] {logging_mixin.py:109} INFO - [2022-01-29 21:16:20,318] {dagbag.py:500} INFO - Filling up the DagBag from /Users/user/Youtubed/YTVM/lib/python3.9/site-packages/airflow/example_dags/example_xcom.py
[2022-01-29 21:16:20,370] {processor.py:654} INFO - DAG(s) dict_keys(['example_xcom']) retrieved from /Users/user/Youtubed/YTVM/lib/python3.9/site-packages/airflow/example_dags/example_xcom.py
[2022-01-29 21:16:20,664] {logging_mixin.py:109} INFO - [2022-01-29 21:16:20,664] {dag.py:2396} INFO - Sync 1 DAGs
[2022-01-29 21:16:20,676] {logging_mixin.py:109} INFO - [2022-01-29 21:16:20,676] {dag.py:2935} INFO - Setting next_dagrun for example_xcom to 2021-01-01T00:00:00+00:00
[2022-01-29 21:16:20,685] {processor.py:171} INFO - Processing /Users/user/Youtubed/YTVM/lib/python3.9/site-packages/airflow/example_dags/example_xcom.py took 0.370 seconds
[2022-01-29 21:17:46,522] {processor.py:163} INFO - Started process (PID=3176) to work on /Users/user/Youtubed/YTVM/lib/python3.9/site-packages/airflow/example_dags/example_xcom.py
[2022-01-29 21:17:46,523] {processor.py:642} INFO - Processing file /Users/user/Youtubed/YTVM/lib/python3.9/site-packages/airflow/example_dags/example_xcom.py for tasks to queue
[2022-01-29 21:17:46,524] {logging_mixin.py:109} INFO - [2022-01-29 21:17:46,524] {dagbag.py:500} INFO - Filling up the DagBag from /Users/user/Youtubed/YTVM/lib/python3.9/site-packages/airflow/example_dags/example_xcom.py
[2022-01-29 21:17:46,644] {processor.py:654} INFO - DAG(s) dict_keys(['example_xcom']) retrieved from /Users/user/Youtubed/YTVM/lib/python3.9/site-packages/airflow/example_dags/example_xcom.py
[2022-01-29 21:17:47,131] {logging_mixin.py:109} INFO - [2022-01-29 21:17:47,131] {dag.py:2396} INFO - Sync 1 DAGs
[2022-01-29 21:17:47,141] {logging_mixin.py:109} INFO - [2022-01-29 21:17:47,140] {dag.py:2935} INFO - Setting next_dagrun for example_xcom to 2021-01-01T00:00:00+00:00
[2022-01-29 21:17:47,149] {processor.py:171} INFO - Processing /Users/user/Youtubed/YTVM/lib/python3.9/site-packages/airflow/example_dags/example_xcom.py took 0.629 seconds
