[2022-01-29 21:08:18,954] {processor.py:163} INFO - Started process (PID=2937) to work on /Users/user/Youtubed/YTVM/lib/python3.9/site-packages/airflow/example_dags/example_sla_dag.py
[2022-01-29 21:08:18,954] {processor.py:642} INFO - Processing file /Users/user/Youtubed/YTVM/lib/python3.9/site-packages/airflow/example_dags/example_sla_dag.py for tasks to queue
[2022-01-29 21:08:18,955] {logging_mixin.py:109} INFO - [2022-01-29 21:08:18,955] {dagbag.py:500} INFO - Filling up the DagBag from /Users/user/Youtubed/YTVM/lib/python3.9/site-packages/airflow/example_dags/example_sla_dag.py
[2022-01-29 21:08:19,015] {processor.py:654} INFO - DAG(s) dict_keys(['example_sla_dag']) retrieved from /Users/user/Youtubed/YTVM/lib/python3.9/site-packages/airflow/example_dags/example_sla_dag.py
[2022-01-29 21:08:19,034] {logging_mixin.py:109} INFO - [2022-01-29 21:08:19,034] {dag.py:2396} INFO - Sync 1 DAGs
[2022-01-29 21:08:19,046] {logging_mixin.py:109} INFO - [2022-01-29 21:08:19,046] {dag.py:2935} INFO - Setting next_dagrun for example_sla_dag to 2022-01-29T21:06:00+00:00
[2022-01-29 21:08:19,053] {processor.py:171} INFO - Processing /Users/user/Youtubed/YTVM/lib/python3.9/site-packages/airflow/example_dags/example_sla_dag.py took 0.101 seconds
[2022-01-29 21:10:05,113] {processor.py:163} INFO - Started process (PID=2976) to work on /Users/user/Youtubed/YTVM/lib/python3.9/site-packages/airflow/example_dags/example_sla_dag.py
[2022-01-29 21:10:05,114] {processor.py:642} INFO - Processing file /Users/user/Youtubed/YTVM/lib/python3.9/site-packages/airflow/example_dags/example_sla_dag.py for tasks to queue
[2022-01-29 21:10:05,115] {logging_mixin.py:109} INFO - [2022-01-29 21:10:05,115] {dagbag.py:500} INFO - Filling up the DagBag from /Users/user/Youtubed/YTVM/lib/python3.9/site-packages/airflow/example_dags/example_sla_dag.py
[2022-01-29 21:10:05,165] {processor.py:654} INFO - DAG(s) dict_keys(['example_sla_dag']) retrieved from /Users/user/Youtubed/YTVM/lib/python3.9/site-packages/airflow/example_dags/example_sla_dag.py
[2022-01-29 21:10:05,184] {logging_mixin.py:109} INFO - [2022-01-29 21:10:05,184] {dag.py:2396} INFO - Sync 1 DAGs
[2022-01-29 21:10:05,196] {logging_mixin.py:109} INFO - [2022-01-29 21:10:05,196] {dag.py:2935} INFO - Setting next_dagrun for example_sla_dag to 2022-01-29T21:08:00+00:00
[2022-01-29 21:10:05,203] {processor.py:171} INFO - Processing /Users/user/Youtubed/YTVM/lib/python3.9/site-packages/airflow/example_dags/example_sla_dag.py took 0.091 seconds
[2022-01-29 21:12:28,457] {processor.py:163} INFO - Started process (PID=3057) to work on /Users/user/Youtubed/YTVM/lib/python3.9/site-packages/airflow/example_dags/example_sla_dag.py
[2022-01-29 21:12:28,466] {processor.py:642} INFO - Processing file /Users/user/Youtubed/YTVM/lib/python3.9/site-packages/airflow/example_dags/example_sla_dag.py for tasks to queue
[2022-01-29 21:12:28,475] {logging_mixin.py:109} INFO - [2022-01-29 21:12:28,474] {dagbag.py:500} INFO - Filling up the DagBag from /Users/user/Youtubed/YTVM/lib/python3.9/site-packages/airflow/example_dags/example_sla_dag.py
[2022-01-29 21:12:28,522] {processor.py:654} INFO - DAG(s) dict_keys(['example_sla_dag']) retrieved from /Users/user/Youtubed/YTVM/lib/python3.9/site-packages/airflow/example_dags/example_sla_dag.py
[2022-01-29 21:12:28,539] {logging_mixin.py:109} INFO - [2022-01-29 21:12:28,539] {dag.py:2396} INFO - Sync 1 DAGs
[2022-01-29 21:12:28,550] {logging_mixin.py:109} INFO - [2022-01-29 21:12:28,550] {dag.py:2935} INFO - Setting next_dagrun for example_sla_dag to 2022-01-29T21:10:00+00:00
[2022-01-29 21:12:28,557] {processor.py:171} INFO - Processing /Users/user/Youtubed/YTVM/lib/python3.9/site-packages/airflow/example_dags/example_sla_dag.py took 0.101 seconds
[2022-01-29 21:15:25,069] {processor.py:163} INFO - Started process (PID=3117) to work on /Users/user/Youtubed/YTVM/lib/python3.9/site-packages/airflow/example_dags/example_sla_dag.py
[2022-01-29 21:15:25,077] {processor.py:642} INFO - Processing file /Users/user/Youtubed/YTVM/lib/python3.9/site-packages/airflow/example_dags/example_sla_dag.py for tasks to queue
[2022-01-29 21:15:25,078] {logging_mixin.py:109} INFO - [2022-01-29 21:15:25,078] {dagbag.py:500} INFO - Filling up the DagBag from /Users/user/Youtubed/YTVM/lib/python3.9/site-packages/airflow/example_dags/example_sla_dag.py
[2022-01-29 21:15:25,127] {processor.py:654} INFO - DAG(s) dict_keys(['example_sla_dag']) retrieved from /Users/user/Youtubed/YTVM/lib/python3.9/site-packages/airflow/example_dags/example_sla_dag.py
[2022-01-29 21:15:25,144] {logging_mixin.py:109} INFO - [2022-01-29 21:15:25,144] {dag.py:2396} INFO - Sync 1 DAGs
[2022-01-29 21:15:25,155] {logging_mixin.py:109} INFO - [2022-01-29 21:15:25,155] {dag.py:2935} INFO - Setting next_dagrun for example_sla_dag to 2022-01-29T21:12:00+00:00
[2022-01-29 21:15:25,162] {processor.py:171} INFO - Processing /Users/user/Youtubed/YTVM/lib/python3.9/site-packages/airflow/example_dags/example_sla_dag.py took 0.094 seconds
[2022-01-29 21:16:42,104] {processor.py:163} INFO - Started process (PID=3153) to work on /Users/user/Youtubed/YTVM/lib/python3.9/site-packages/airflow/example_dags/example_sla_dag.py
[2022-01-29 21:16:42,113] {processor.py:642} INFO - Processing file /Users/user/Youtubed/YTVM/lib/python3.9/site-packages/airflow/example_dags/example_sla_dag.py for tasks to queue
[2022-01-29 21:16:42,114] {logging_mixin.py:109} INFO - [2022-01-29 21:16:42,114] {dagbag.py:500} INFO - Filling up the DagBag from /Users/user/Youtubed/YTVM/lib/python3.9/site-packages/airflow/example_dags/example_sla_dag.py
[2022-01-29 21:16:42,179] {processor.py:654} INFO - DAG(s) dict_keys(['example_sla_dag']) retrieved from /Users/user/Youtubed/YTVM/lib/python3.9/site-packages/airflow/example_dags/example_sla_dag.py
[2022-01-29 21:16:42,204] {logging_mixin.py:109} INFO - [2022-01-29 21:16:42,204] {dag.py:2396} INFO - Sync 1 DAGs
[2022-01-29 21:16:42,220] {logging_mixin.py:109} INFO - [2022-01-29 21:16:42,220] {dag.py:2935} INFO - Setting next_dagrun for example_sla_dag to 2022-01-29T21:14:00+00:00
[2022-01-29 21:16:42,241] {processor.py:171} INFO - Processing /Users/user/Youtubed/YTVM/lib/python3.9/site-packages/airflow/example_dags/example_sla_dag.py took 0.137 seconds
