[2022-01-29 21:08:55,813] {processor.py:163} INFO - Started process (PID=2952) to work on /Users/user/Youtubed/YTVM/lib/python3.9/site-packages/airflow/example_dags/example_dag_decorator.py
[2022-01-29 21:08:55,814] {processor.py:642} INFO - Processing file /Users/user/Youtubed/YTVM/lib/python3.9/site-packages/airflow/example_dags/example_dag_decorator.py for tasks to queue
[2022-01-29 21:08:55,814] {logging_mixin.py:109} INFO - [2022-01-29 21:08:55,814] {dagbag.py:500} INFO - Filling up the DagBag from /Users/user/Youtubed/YTVM/lib/python3.9/site-packages/airflow/example_dags/example_dag_decorator.py
[2022-01-29 21:08:55,876] {processor.py:654} INFO - DAG(s) dict_keys(['example_dag_decorator']) retrieved from /Users/user/Youtubed/YTVM/lib/python3.9/site-packages/airflow/example_dags/example_dag_decorator.py
[2022-01-29 21:08:56,318] {logging_mixin.py:109} INFO - [2022-01-29 21:08:56,317] {dag.py:2396} INFO - Sync 1 DAGs
[2022-01-29 21:08:56,327] {logging_mixin.py:109} INFO - [2022-01-29 21:08:56,326] {dag.py:2935} INFO - Setting next_dagrun for example_dag_decorator to None
[2022-01-29 21:08:56,335] {processor.py:171} INFO - Processing /Users/user/Youtubed/YTVM/lib/python3.9/site-packages/airflow/example_dags/example_dag_decorator.py took 0.522 seconds
[2022-01-29 21:11:26,424] {processor.py:163} INFO - Started process (PID=3033) to work on /Users/user/Youtubed/YTVM/lib/python3.9/site-packages/airflow/example_dags/example_dag_decorator.py
[2022-01-29 21:11:26,432] {processor.py:642} INFO - Processing file /Users/user/Youtubed/YTVM/lib/python3.9/site-packages/airflow/example_dags/example_dag_decorator.py for tasks to queue
[2022-01-29 21:11:26,433] {logging_mixin.py:109} INFO - [2022-01-29 21:11:26,433] {dagbag.py:500} INFO - Filling up the DagBag from /Users/user/Youtubed/YTVM/lib/python3.9/site-packages/airflow/example_dags/example_dag_decorator.py
[2022-01-29 21:11:26,486] {processor.py:654} INFO - DAG(s) dict_keys(['example_dag_decorator']) retrieved from /Users/user/Youtubed/YTVM/lib/python3.9/site-packages/airflow/example_dags/example_dag_decorator.py
[2022-01-29 21:11:26,715] {logging_mixin.py:109} INFO - [2022-01-29 21:11:26,714] {dag.py:2396} INFO - Sync 1 DAGs
[2022-01-29 21:11:26,723] {logging_mixin.py:109} INFO - [2022-01-29 21:11:26,723] {dag.py:2935} INFO - Setting next_dagrun for example_dag_decorator to None
[2022-01-29 21:11:26,741] {processor.py:171} INFO - Processing /Users/user/Youtubed/YTVM/lib/python3.9/site-packages/airflow/example_dags/example_dag_decorator.py took 0.318 seconds
[2022-01-29 21:14:05,966] {processor.py:163} INFO - Started process (PID=3084) to work on /Users/user/Youtubed/YTVM/lib/python3.9/site-packages/airflow/example_dags/example_dag_decorator.py
[2022-01-29 21:14:05,968] {processor.py:642} INFO - Processing file /Users/user/Youtubed/YTVM/lib/python3.9/site-packages/airflow/example_dags/example_dag_decorator.py for tasks to queue
[2022-01-29 21:14:05,970] {logging_mixin.py:109} INFO - [2022-01-29 21:14:05,969] {dagbag.py:500} INFO - Filling up the DagBag from /Users/user/Youtubed/YTVM/lib/python3.9/site-packages/airflow/example_dags/example_dag_decorator.py
[2022-01-29 21:14:06,047] {processor.py:654} INFO - DAG(s) dict_keys(['example_dag_decorator']) retrieved from /Users/user/Youtubed/YTVM/lib/python3.9/site-packages/airflow/example_dags/example_dag_decorator.py
[2022-01-29 21:14:06,519] {logging_mixin.py:109} INFO - [2022-01-29 21:14:06,519] {dag.py:2396} INFO - Sync 1 DAGs
[2022-01-29 21:14:06,529] {logging_mixin.py:109} INFO - [2022-01-29 21:14:06,529] {dag.py:2935} INFO - Setting next_dagrun for example_dag_decorator to None
[2022-01-29 21:14:06,544] {processor.py:171} INFO - Processing /Users/user/Youtubed/YTVM/lib/python3.9/site-packages/airflow/example_dags/example_dag_decorator.py took 0.579 seconds
[2022-01-29 21:16:45,134] {processor.py:163} INFO - Started process (PID=3154) to work on /Users/user/Youtubed/YTVM/lib/python3.9/site-packages/airflow/example_dags/example_dag_decorator.py
[2022-01-29 21:16:45,143] {processor.py:642} INFO - Processing file /Users/user/Youtubed/YTVM/lib/python3.9/site-packages/airflow/example_dags/example_dag_decorator.py for tasks to queue
[2022-01-29 21:16:45,144] {logging_mixin.py:109} INFO - [2022-01-29 21:16:45,144] {dagbag.py:500} INFO - Filling up the DagBag from /Users/user/Youtubed/YTVM/lib/python3.9/site-packages/airflow/example_dags/example_dag_decorator.py
[2022-01-29 21:16:45,200] {processor.py:654} INFO - DAG(s) dict_keys(['example_dag_decorator']) retrieved from /Users/user/Youtubed/YTVM/lib/python3.9/site-packages/airflow/example_dags/example_dag_decorator.py
[2022-01-29 21:16:45,614] {logging_mixin.py:109} INFO - [2022-01-29 21:16:45,613] {dag.py:2396} INFO - Sync 1 DAGs
[2022-01-29 21:16:45,624] {logging_mixin.py:109} INFO - [2022-01-29 21:16:45,624] {dag.py:2935} INFO - Setting next_dagrun for example_dag_decorator to None
[2022-01-29 21:16:45,632] {processor.py:171} INFO - Processing /Users/user/Youtubed/YTVM/lib/python3.9/site-packages/airflow/example_dags/example_dag_decorator.py took 0.499 seconds
