[2022-01-29 21:09:10,562] {processor.py:163} INFO - Started process (PID=2957) to work on /Users/user/Youtubed/YTVM/lib/python3.9/site-packages/airflow/example_dags/example_branch_day_of_week_operator.py
[2022-01-29 21:09:10,562] {processor.py:642} INFO - Processing file /Users/user/Youtubed/YTVM/lib/python3.9/site-packages/airflow/example_dags/example_branch_day_of_week_operator.py for tasks to queue
[2022-01-29 21:09:10,563] {logging_mixin.py:109} INFO - [2022-01-29 21:09:10,563] {dagbag.py:500} INFO - Filling up the DagBag from /Users/user/Youtubed/YTVM/lib/python3.9/site-packages/airflow/example_dags/example_branch_day_of_week_operator.py
[2022-01-29 21:09:10,601] {processor.py:654} INFO - DAG(s) dict_keys(['example_weekday_branch_operator']) retrieved from /Users/user/Youtubed/YTVM/lib/python3.9/site-packages/airflow/example_dags/example_branch_day_of_week_operator.py
[2022-01-29 21:09:10,620] {logging_mixin.py:109} INFO - [2022-01-29 21:09:10,620] {dag.py:2396} INFO - Sync 1 DAGs
[2022-01-29 21:09:10,631] {logging_mixin.py:109} INFO - [2022-01-29 21:09:10,631] {dag.py:2935} INFO - Setting next_dagrun for example_weekday_branch_operator to 2022-01-28 00:00:00+00:00
[2022-01-29 21:09:10,640] {processor.py:171} INFO - Processing /Users/user/Youtubed/YTVM/lib/python3.9/site-packages/airflow/example_dags/example_branch_day_of_week_operator.py took 0.079 seconds
[2022-01-29 21:11:41,793] {processor.py:163} INFO - Started process (PID=3039) to work on /Users/user/Youtubed/YTVM/lib/python3.9/site-packages/airflow/example_dags/example_branch_day_of_week_operator.py
[2022-01-29 21:11:41,801] {processor.py:642} INFO - Processing file /Users/user/Youtubed/YTVM/lib/python3.9/site-packages/airflow/example_dags/example_branch_day_of_week_operator.py for tasks to queue
[2022-01-29 21:11:41,811] {logging_mixin.py:109} INFO - [2022-01-29 21:11:41,810] {dagbag.py:500} INFO - Filling up the DagBag from /Users/user/Youtubed/YTVM/lib/python3.9/site-packages/airflow/example_dags/example_branch_day_of_week_operator.py
[2022-01-29 21:11:41,883] {processor.py:654} INFO - DAG(s) dict_keys(['example_weekday_branch_operator']) retrieved from /Users/user/Youtubed/YTVM/lib/python3.9/site-packages/airflow/example_dags/example_branch_day_of_week_operator.py
[2022-01-29 21:11:41,927] {logging_mixin.py:109} INFO - [2022-01-29 21:11:41,927] {dag.py:2396} INFO - Sync 1 DAGs
[2022-01-29 21:11:41,946] {logging_mixin.py:109} INFO - [2022-01-29 21:11:41,946] {dag.py:2935} INFO - Setting next_dagrun for example_weekday_branch_operator to 2022-01-28 00:00:00+00:00
[2022-01-29 21:11:41,976] {processor.py:171} INFO - Processing /Users/user/Youtubed/YTVM/lib/python3.9/site-packages/airflow/example_dags/example_branch_day_of_week_operator.py took 0.183 seconds
[2022-01-29 21:14:24,705] {processor.py:163} INFO - Started process (PID=3090) to work on /Users/user/Youtubed/YTVM/lib/python3.9/site-packages/airflow/example_dags/example_branch_day_of_week_operator.py
[2022-01-29 21:14:24,714] {processor.py:642} INFO - Processing file /Users/user/Youtubed/YTVM/lib/python3.9/site-packages/airflow/example_dags/example_branch_day_of_week_operator.py for tasks to queue
[2022-01-29 21:14:24,715] {logging_mixin.py:109} INFO - [2022-01-29 21:14:24,715] {dagbag.py:500} INFO - Filling up the DagBag from /Users/user/Youtubed/YTVM/lib/python3.9/site-packages/airflow/example_dags/example_branch_day_of_week_operator.py
[2022-01-29 21:14:24,779] {processor.py:654} INFO - DAG(s) dict_keys(['example_weekday_branch_operator']) retrieved from /Users/user/Youtubed/YTVM/lib/python3.9/site-packages/airflow/example_dags/example_branch_day_of_week_operator.py
[2022-01-29 21:14:24,808] {logging_mixin.py:109} INFO - [2022-01-29 21:14:24,808] {dag.py:2396} INFO - Sync 1 DAGs
[2022-01-29 21:14:24,820] {logging_mixin.py:109} INFO - [2022-01-29 21:14:24,820] {dag.py:2935} INFO - Setting next_dagrun for example_weekday_branch_operator to 2022-01-28 00:00:00+00:00
[2022-01-29 21:14:24,836] {processor.py:171} INFO - Processing /Users/user/Youtubed/YTVM/lib/python3.9/site-packages/airflow/example_dags/example_branch_day_of_week_operator.py took 0.132 seconds
[2022-01-29 21:17:09,461] {processor.py:163} INFO - Started process (PID=3163) to work on /Users/user/Youtubed/YTVM/lib/python3.9/site-packages/airflow/example_dags/example_branch_day_of_week_operator.py
[2022-01-29 21:17:09,462] {processor.py:642} INFO - Processing file /Users/user/Youtubed/YTVM/lib/python3.9/site-packages/airflow/example_dags/example_branch_day_of_week_operator.py for tasks to queue
[2022-01-29 21:17:09,462] {logging_mixin.py:109} INFO - [2022-01-29 21:17:09,462] {dagbag.py:500} INFO - Filling up the DagBag from /Users/user/Youtubed/YTVM/lib/python3.9/site-packages/airflow/example_dags/example_branch_day_of_week_operator.py
[2022-01-29 21:17:09,499] {processor.py:654} INFO - DAG(s) dict_keys(['example_weekday_branch_operator']) retrieved from /Users/user/Youtubed/YTVM/lib/python3.9/site-packages/airflow/example_dags/example_branch_day_of_week_operator.py
[2022-01-29 21:17:09,519] {logging_mixin.py:109} INFO - [2022-01-29 21:17:09,519] {dag.py:2396} INFO - Sync 1 DAGs
[2022-01-29 21:17:09,530] {logging_mixin.py:109} INFO - [2022-01-29 21:17:09,530] {dag.py:2935} INFO - Setting next_dagrun for example_weekday_branch_operator to 2022-01-28 00:00:00+00:00
[2022-01-29 21:17:09,538] {processor.py:171} INFO - Processing /Users/user/Youtubed/YTVM/lib/python3.9/site-packages/airflow/example_dags/example_branch_day_of_week_operator.py took 0.078 seconds
