[2022-01-29 21:08:46,471] {processor.py:163} INFO - Started process (PID=2949) to work on /Users/user/Youtubed/YTVM/lib/python3.9/site-packages/airflow/example_dags/example_latest_only.py
[2022-01-29 21:08:46,471] {processor.py:642} INFO - Processing file /Users/user/Youtubed/YTVM/lib/python3.9/site-packages/airflow/example_dags/example_latest_only.py for tasks to queue
[2022-01-29 21:08:46,472] {logging_mixin.py:109} INFO - [2022-01-29 21:08:46,472] {dagbag.py:500} INFO - Filling up the DagBag from /Users/user/Youtubed/YTVM/lib/python3.9/site-packages/airflow/example_dags/example_latest_only.py
[2022-01-29 21:08:46,517] {processor.py:654} INFO - DAG(s) dict_keys(['latest_only']) retrieved from /Users/user/Youtubed/YTVM/lib/python3.9/site-packages/airflow/example_dags/example_latest_only.py
[2022-01-29 21:08:46,537] {logging_mixin.py:109} INFO - [2022-01-29 21:08:46,537] {dag.py:2396} INFO - Sync 1 DAGs
[2022-01-29 21:08:46,547] {logging_mixin.py:109} INFO - [2022-01-29 21:08:46,547] {dag.py:2935} INFO - Setting next_dagrun for latest_only to 2022-01-29T17:08:46.547031+00:00
[2022-01-29 21:08:46,556] {processor.py:171} INFO - Processing /Users/user/Youtubed/YTVM/lib/python3.9/site-packages/airflow/example_dags/example_latest_only.py took 0.086 seconds
[2022-01-29 21:10:26,713] {processor.py:163} INFO - Started process (PID=2984) to work on /Users/user/Youtubed/YTVM/lib/python3.9/site-packages/airflow/example_dags/example_latest_only.py
[2022-01-29 21:10:26,722] {processor.py:642} INFO - Processing file /Users/user/Youtubed/YTVM/lib/python3.9/site-packages/airflow/example_dags/example_latest_only.py for tasks to queue
[2022-01-29 21:10:26,723] {logging_mixin.py:109} INFO - [2022-01-29 21:10:26,723] {dagbag.py:500} INFO - Filling up the DagBag from /Users/user/Youtubed/YTVM/lib/python3.9/site-packages/airflow/example_dags/example_latest_only.py
[2022-01-29 21:10:26,758] {processor.py:654} INFO - DAG(s) dict_keys(['latest_only']) retrieved from /Users/user/Youtubed/YTVM/lib/python3.9/site-packages/airflow/example_dags/example_latest_only.py
[2022-01-29 21:10:26,780] {logging_mixin.py:109} INFO - [2022-01-29 21:10:26,779] {dag.py:2396} INFO - Sync 1 DAGs
[2022-01-29 21:10:26,789] {logging_mixin.py:109} INFO - [2022-01-29 21:10:26,789] {dag.py:2935} INFO - Setting next_dagrun for latest_only to 2022-01-29T17:10:26.788942+00:00
[2022-01-29 21:10:26,797] {processor.py:171} INFO - Processing /Users/user/Youtubed/YTVM/lib/python3.9/site-packages/airflow/example_dags/example_latest_only.py took 0.084 seconds
[2022-01-29 21:12:55,226] {processor.py:163} INFO - Started process (PID=3064) to work on /Users/user/Youtubed/YTVM/lib/python3.9/site-packages/airflow/example_dags/example_latest_only.py
[2022-01-29 21:12:55,227] {processor.py:642} INFO - Processing file /Users/user/Youtubed/YTVM/lib/python3.9/site-packages/airflow/example_dags/example_latest_only.py for tasks to queue
[2022-01-29 21:12:55,228] {logging_mixin.py:109} INFO - [2022-01-29 21:12:55,228] {dagbag.py:500} INFO - Filling up the DagBag from /Users/user/Youtubed/YTVM/lib/python3.9/site-packages/airflow/example_dags/example_latest_only.py
[2022-01-29 21:12:55,264] {processor.py:654} INFO - DAG(s) dict_keys(['latest_only']) retrieved from /Users/user/Youtubed/YTVM/lib/python3.9/site-packages/airflow/example_dags/example_latest_only.py
[2022-01-29 21:12:55,284] {logging_mixin.py:109} INFO - [2022-01-29 21:12:55,284] {dag.py:2396} INFO - Sync 1 DAGs
[2022-01-29 21:12:55,293] {logging_mixin.py:109} INFO - [2022-01-29 21:12:55,293] {dag.py:2935} INFO - Setting next_dagrun for latest_only to 2022-01-29T17:12:55.292893+00:00
[2022-01-29 21:12:55,302] {processor.py:171} INFO - Processing /Users/user/Youtubed/YTVM/lib/python3.9/site-packages/airflow/example_dags/example_latest_only.py took 0.076 seconds
[2022-01-29 21:15:47,532] {processor.py:163} INFO - Started process (PID=3130) to work on /Users/user/Youtubed/YTVM/lib/python3.9/site-packages/airflow/example_dags/example_latest_only.py
[2022-01-29 21:15:47,540] {processor.py:642} INFO - Processing file /Users/user/Youtubed/YTVM/lib/python3.9/site-packages/airflow/example_dags/example_latest_only.py for tasks to queue
[2022-01-29 21:15:47,541] {logging_mixin.py:109} INFO - [2022-01-29 21:15:47,541] {dagbag.py:500} INFO - Filling up the DagBag from /Users/user/Youtubed/YTVM/lib/python3.9/site-packages/airflow/example_dags/example_latest_only.py
[2022-01-29 21:15:47,577] {processor.py:654} INFO - DAG(s) dict_keys(['latest_only']) retrieved from /Users/user/Youtubed/YTVM/lib/python3.9/site-packages/airflow/example_dags/example_latest_only.py
[2022-01-29 21:15:47,602] {logging_mixin.py:109} INFO - [2022-01-29 21:15:47,602] {dag.py:2396} INFO - Sync 1 DAGs
[2022-01-29 21:15:47,619] {logging_mixin.py:109} INFO - [2022-01-29 21:15:47,619] {dag.py:2935} INFO - Setting next_dagrun for latest_only to 2022-01-29T17:15:47.618995+00:00
[2022-01-29 21:15:47,630] {processor.py:171} INFO - Processing /Users/user/Youtubed/YTVM/lib/python3.9/site-packages/airflow/example_dags/example_latest_only.py took 0.099 seconds
