[2022-01-29 21:07:57,060] {processor.py:163} INFO - Started process (PID=2921) to work on /Users/user/Youtubed/YTVM/lib/python3.9/site-packages/airflow/example_dags/example_trigger_target_dag.py
[2022-01-29 21:07:57,062] {processor.py:642} INFO - Processing file /Users/user/Youtubed/YTVM/lib/python3.9/site-packages/airflow/example_dags/example_trigger_target_dag.py for tasks to queue
[2022-01-29 21:07:57,063] {logging_mixin.py:109} INFO - [2022-01-29 21:07:57,063] {dagbag.py:500} INFO - Filling up the DagBag from /Users/user/Youtubed/YTVM/lib/python3.9/site-packages/airflow/example_dags/example_trigger_target_dag.py
[2022-01-29 21:07:57,282] {processor.py:654} INFO - DAG(s) dict_keys(['example_trigger_target_dag']) retrieved from /Users/user/Youtubed/YTVM/lib/python3.9/site-packages/airflow/example_dags/example_trigger_target_dag.py
[2022-01-29 21:07:57,355] {logging_mixin.py:109} INFO - [2022-01-29 21:07:57,355] {dag.py:2396} INFO - Sync 1 DAGs
[2022-01-29 21:07:57,387] {logging_mixin.py:109} INFO - [2022-01-29 21:07:57,387] {dag.py:2935} INFO - Setting next_dagrun for example_trigger_target_dag to None
[2022-01-29 21:07:57,414] {processor.py:171} INFO - Processing /Users/user/Youtubed/YTVM/lib/python3.9/site-packages/airflow/example_dags/example_trigger_target_dag.py took 0.356 seconds
[2022-01-29 21:09:47,530] {processor.py:163} INFO - Started process (PID=2969) to work on /Users/user/Youtubed/YTVM/lib/python3.9/site-packages/airflow/example_dags/example_trigger_target_dag.py
[2022-01-29 21:09:47,531] {processor.py:642} INFO - Processing file /Users/user/Youtubed/YTVM/lib/python3.9/site-packages/airflow/example_dags/example_trigger_target_dag.py for tasks to queue
[2022-01-29 21:09:47,532] {logging_mixin.py:109} INFO - [2022-01-29 21:09:47,532] {dagbag.py:500} INFO - Filling up the DagBag from /Users/user/Youtubed/YTVM/lib/python3.9/site-packages/airflow/example_dags/example_trigger_target_dag.py
[2022-01-29 21:09:47,586] {processor.py:654} INFO - DAG(s) dict_keys(['example_trigger_target_dag']) retrieved from /Users/user/Youtubed/YTVM/lib/python3.9/site-packages/airflow/example_dags/example_trigger_target_dag.py
[2022-01-29 21:09:47,607] {logging_mixin.py:109} INFO - [2022-01-29 21:09:47,607] {dag.py:2396} INFO - Sync 1 DAGs
[2022-01-29 21:09:47,618] {logging_mixin.py:109} INFO - [2022-01-29 21:09:47,618] {dag.py:2935} INFO - Setting next_dagrun for example_trigger_target_dag to None
[2022-01-29 21:09:47,627] {processor.py:171} INFO - Processing /Users/user/Youtubed/YTVM/lib/python3.9/site-packages/airflow/example_dags/example_trigger_target_dag.py took 0.097 seconds
[2022-01-29 21:11:01,362] {processor.py:163} INFO - Started process (PID=3009) to work on /Users/user/Youtubed/YTVM/lib/python3.9/site-packages/airflow/example_dags/example_trigger_target_dag.py
[2022-01-29 21:11:01,363] {processor.py:642} INFO - Processing file /Users/user/Youtubed/YTVM/lib/python3.9/site-packages/airflow/example_dags/example_trigger_target_dag.py for tasks to queue
[2022-01-29 21:11:01,364] {logging_mixin.py:109} INFO - [2022-01-29 21:11:01,363] {dagbag.py:500} INFO - Filling up the DagBag from /Users/user/Youtubed/YTVM/lib/python3.9/site-packages/airflow/example_dags/example_trigger_target_dag.py
[2022-01-29 21:11:01,416] {processor.py:654} INFO - DAG(s) dict_keys(['example_trigger_target_dag']) retrieved from /Users/user/Youtubed/YTVM/lib/python3.9/site-packages/airflow/example_dags/example_trigger_target_dag.py
[2022-01-29 21:11:01,434] {logging_mixin.py:109} INFO - [2022-01-29 21:11:01,434] {dag.py:2396} INFO - Sync 1 DAGs
[2022-01-29 21:11:01,443] {logging_mixin.py:109} INFO - [2022-01-29 21:11:01,443] {dag.py:2935} INFO - Setting next_dagrun for example_trigger_target_dag to None
[2022-01-29 21:11:01,450] {processor.py:171} INFO - Processing /Users/user/Youtubed/YTVM/lib/python3.9/site-packages/airflow/example_dags/example_trigger_target_dag.py took 0.088 seconds
[2022-01-29 21:12:13,388] {processor.py:163} INFO - Started process (PID=3051) to work on /Users/user/Youtubed/YTVM/lib/python3.9/site-packages/airflow/example_dags/example_trigger_target_dag.py
[2022-01-29 21:12:13,397] {processor.py:642} INFO - Processing file /Users/user/Youtubed/YTVM/lib/python3.9/site-packages/airflow/example_dags/example_trigger_target_dag.py for tasks to queue
[2022-01-29 21:12:13,398] {logging_mixin.py:109} INFO - [2022-01-29 21:12:13,398] {dagbag.py:500} INFO - Filling up the DagBag from /Users/user/Youtubed/YTVM/lib/python3.9/site-packages/airflow/example_dags/example_trigger_target_dag.py
[2022-01-29 21:12:13,448] {processor.py:654} INFO - DAG(s) dict_keys(['example_trigger_target_dag']) retrieved from /Users/user/Youtubed/YTVM/lib/python3.9/site-packages/airflow/example_dags/example_trigger_target_dag.py
[2022-01-29 21:12:13,465] {logging_mixin.py:109} INFO - [2022-01-29 21:12:13,464] {dag.py:2396} INFO - Sync 1 DAGs
[2022-01-29 21:12:13,473] {logging_mixin.py:109} INFO - [2022-01-29 21:12:13,473] {dag.py:2935} INFO - Setting next_dagrun for example_trigger_target_dag to None
[2022-01-29 21:12:13,480] {processor.py:171} INFO - Processing /Users/user/Youtubed/YTVM/lib/python3.9/site-packages/airflow/example_dags/example_trigger_target_dag.py took 0.092 seconds
[2022-01-29 21:13:28,510] {processor.py:163} INFO - Started process (PID=3076) to work on /Users/user/Youtubed/YTVM/lib/python3.9/site-packages/airflow/example_dags/example_trigger_target_dag.py
[2022-01-29 21:13:28,522] {processor.py:642} INFO - Processing file /Users/user/Youtubed/YTVM/lib/python3.9/site-packages/airflow/example_dags/example_trigger_target_dag.py for tasks to queue
[2022-01-29 21:13:28,522] {logging_mixin.py:109} INFO - [2022-01-29 21:13:28,522] {dagbag.py:500} INFO - Filling up the DagBag from /Users/user/Youtubed/YTVM/lib/python3.9/site-packages/airflow/example_dags/example_trigger_target_dag.py
[2022-01-29 21:13:28,602] {processor.py:654} INFO - DAG(s) dict_keys(['example_trigger_target_dag']) retrieved from /Users/user/Youtubed/YTVM/lib/python3.9/site-packages/airflow/example_dags/example_trigger_target_dag.py
[2022-01-29 21:13:28,625] {logging_mixin.py:109} INFO - [2022-01-29 21:13:28,625] {dag.py:2396} INFO - Sync 1 DAGs
[2022-01-29 21:13:28,635] {logging_mixin.py:109} INFO - [2022-01-29 21:13:28,635] {dag.py:2935} INFO - Setting next_dagrun for example_trigger_target_dag to None
[2022-01-29 21:13:28,657] {processor.py:171} INFO - Processing /Users/user/Youtubed/YTVM/lib/python3.9/site-packages/airflow/example_dags/example_trigger_target_dag.py took 0.148 seconds
[2022-01-29 21:15:07,393] {processor.py:163} INFO - Started process (PID=3104) to work on /Users/user/Youtubed/YTVM/lib/python3.9/site-packages/airflow/example_dags/example_trigger_target_dag.py
[2022-01-29 21:15:07,402] {processor.py:642} INFO - Processing file /Users/user/Youtubed/YTVM/lib/python3.9/site-packages/airflow/example_dags/example_trigger_target_dag.py for tasks to queue
[2022-01-29 21:15:07,403] {logging_mixin.py:109} INFO - [2022-01-29 21:15:07,403] {dagbag.py:500} INFO - Filling up the DagBag from /Users/user/Youtubed/YTVM/lib/python3.9/site-packages/airflow/example_dags/example_trigger_target_dag.py
[2022-01-29 21:15:07,457] {processor.py:654} INFO - DAG(s) dict_keys(['example_trigger_target_dag']) retrieved from /Users/user/Youtubed/YTVM/lib/python3.9/site-packages/airflow/example_dags/example_trigger_target_dag.py
[2022-01-29 21:15:07,476] {logging_mixin.py:109} INFO - [2022-01-29 21:15:07,476] {dag.py:2396} INFO - Sync 1 DAGs
[2022-01-29 21:15:07,487] {logging_mixin.py:109} INFO - [2022-01-29 21:15:07,487] {dag.py:2935} INFO - Setting next_dagrun for example_trigger_target_dag to None
[2022-01-29 21:15:07,495] {processor.py:171} INFO - Processing /Users/user/Youtubed/YTVM/lib/python3.9/site-packages/airflow/example_dags/example_trigger_target_dag.py took 0.103 seconds
[2022-01-29 21:16:23,489] {processor.py:163} INFO - Started process (PID=3147) to work on /Users/user/Youtubed/YTVM/lib/python3.9/site-packages/airflow/example_dags/example_trigger_target_dag.py
[2022-01-29 21:16:23,498] {processor.py:642} INFO - Processing file /Users/user/Youtubed/YTVM/lib/python3.9/site-packages/airflow/example_dags/example_trigger_target_dag.py for tasks to queue
[2022-01-29 21:16:23,499] {logging_mixin.py:109} INFO - [2022-01-29 21:16:23,499] {dagbag.py:500} INFO - Filling up the DagBag from /Users/user/Youtubed/YTVM/lib/python3.9/site-packages/airflow/example_dags/example_trigger_target_dag.py
[2022-01-29 21:16:23,551] {processor.py:654} INFO - DAG(s) dict_keys(['example_trigger_target_dag']) retrieved from /Users/user/Youtubed/YTVM/lib/python3.9/site-packages/airflow/example_dags/example_trigger_target_dag.py
[2022-01-29 21:16:23,570] {logging_mixin.py:109} INFO - [2022-01-29 21:16:23,570] {dag.py:2396} INFO - Sync 1 DAGs
[2022-01-29 21:16:23,579] {logging_mixin.py:109} INFO - [2022-01-29 21:16:23,579] {dag.py:2935} INFO - Setting next_dagrun for example_trigger_target_dag to None
[2022-01-29 21:16:23,587] {processor.py:171} INFO - Processing /Users/user/Youtubed/YTVM/lib/python3.9/site-packages/airflow/example_dags/example_trigger_target_dag.py took 0.099 seconds
[2022-01-29 21:17:49,396] {processor.py:163} INFO - Started process (PID=3178) to work on /Users/user/Youtubed/YTVM/lib/python3.9/site-packages/airflow/example_dags/example_trigger_target_dag.py
[2022-01-29 21:17:49,397] {processor.py:642} INFO - Processing file /Users/user/Youtubed/YTVM/lib/python3.9/site-packages/airflow/example_dags/example_trigger_target_dag.py for tasks to queue
[2022-01-29 21:17:49,398] {logging_mixin.py:109} INFO - [2022-01-29 21:17:49,397] {dagbag.py:500} INFO - Filling up the DagBag from /Users/user/Youtubed/YTVM/lib/python3.9/site-packages/airflow/example_dags/example_trigger_target_dag.py
[2022-01-29 21:17:49,448] {processor.py:654} INFO - DAG(s) dict_keys(['example_trigger_target_dag']) retrieved from /Users/user/Youtubed/YTVM/lib/python3.9/site-packages/airflow/example_dags/example_trigger_target_dag.py
[2022-01-29 21:17:49,466] {logging_mixin.py:109} INFO - [2022-01-29 21:17:49,466] {dag.py:2396} INFO - Sync 1 DAGs
[2022-01-29 21:17:49,475] {logging_mixin.py:109} INFO - [2022-01-29 21:17:49,475] {dag.py:2935} INFO - Setting next_dagrun for example_trigger_target_dag to None
[2022-01-29 21:17:49,482] {processor.py:171} INFO - Processing /Users/user/Youtubed/YTVM/lib/python3.9/site-packages/airflow/example_dags/example_trigger_target_dag.py took 0.086 seconds
