[2022-01-29 21:09:13,459] {processor.py:163} INFO - Started process (PID=2959) to work on /Users/user/Youtubed/YTVM/lib/python3.9/site-packages/airflow/example_dags/example_branch_datetime_operator.py
[2022-01-29 21:09:13,459] {processor.py:642} INFO - Processing file /Users/user/Youtubed/YTVM/lib/python3.9/site-packages/airflow/example_dags/example_branch_datetime_operator.py for tasks to queue
[2022-01-29 21:09:13,460] {logging_mixin.py:109} INFO - [2022-01-29 21:09:13,459] {dagbag.py:500} INFO - Filling up the DagBag from /Users/user/Youtubed/YTVM/lib/python3.9/site-packages/airflow/example_dags/example_branch_datetime_operator.py
[2022-01-29 21:09:13,504] {processor.py:654} INFO - DAG(s) dict_keys(['example_branch_datetime_operator_2']) retrieved from /Users/user/Youtubed/YTVM/lib/python3.9/site-packages/airflow/example_dags/example_branch_datetime_operator.py
[2022-01-29 21:09:13,522] {logging_mixin.py:109} INFO - [2022-01-29 21:09:13,522] {dag.py:2396} INFO - Sync 1 DAGs
[2022-01-29 21:09:13,532] {logging_mixin.py:109} INFO - [2022-01-29 21:09:13,532] {dag.py:2935} INFO - Setting next_dagrun for example_branch_datetime_operator_2 to 2022-01-28 00:00:00+00:00
[2022-01-29 21:09:13,540] {processor.py:171} INFO - Processing /Users/user/Youtubed/YTVM/lib/python3.9/site-packages/airflow/example_dags/example_branch_datetime_operator.py took 0.082 seconds
[2022-01-29 21:11:44,625] {processor.py:163} INFO - Started process (PID=3040) to work on /Users/user/Youtubed/YTVM/lib/python3.9/site-packages/airflow/example_dags/example_branch_datetime_operator.py
[2022-01-29 21:11:44,633] {processor.py:642} INFO - Processing file /Users/user/Youtubed/YTVM/lib/python3.9/site-packages/airflow/example_dags/example_branch_datetime_operator.py for tasks to queue
[2022-01-29 21:11:44,634] {logging_mixin.py:109} INFO - [2022-01-29 21:11:44,634] {dagbag.py:500} INFO - Filling up the DagBag from /Users/user/Youtubed/YTVM/lib/python3.9/site-packages/airflow/example_dags/example_branch_datetime_operator.py
[2022-01-29 21:11:44,670] {processor.py:654} INFO - DAG(s) dict_keys(['example_branch_datetime_operator_2']) retrieved from /Users/user/Youtubed/YTVM/lib/python3.9/site-packages/airflow/example_dags/example_branch_datetime_operator.py
[2022-01-29 21:11:44,688] {logging_mixin.py:109} INFO - [2022-01-29 21:11:44,688] {dag.py:2396} INFO - Sync 1 DAGs
[2022-01-29 21:11:44,699] {logging_mixin.py:109} INFO - [2022-01-29 21:11:44,699] {dag.py:2935} INFO - Setting next_dagrun for example_branch_datetime_operator_2 to 2022-01-28 00:00:00+00:00
[2022-01-29 21:11:44,706] {processor.py:171} INFO - Processing /Users/user/Youtubed/YTVM/lib/python3.9/site-packages/airflow/example_dags/example_branch_datetime_operator.py took 0.081 seconds
[2022-01-29 21:14:28,181] {processor.py:163} INFO - Started process (PID=3091) to work on /Users/user/Youtubed/YTVM/lib/python3.9/site-packages/airflow/example_dags/example_branch_datetime_operator.py
[2022-01-29 21:14:28,190] {processor.py:642} INFO - Processing file /Users/user/Youtubed/YTVM/lib/python3.9/site-packages/airflow/example_dags/example_branch_datetime_operator.py for tasks to queue
[2022-01-29 21:14:28,191] {logging_mixin.py:109} INFO - [2022-01-29 21:14:28,191] {dagbag.py:500} INFO - Filling up the DagBag from /Users/user/Youtubed/YTVM/lib/python3.9/site-packages/airflow/example_dags/example_branch_datetime_operator.py
[2022-01-29 21:14:28,228] {processor.py:654} INFO - DAG(s) dict_keys(['example_branch_datetime_operator_2']) retrieved from /Users/user/Youtubed/YTVM/lib/python3.9/site-packages/airflow/example_dags/example_branch_datetime_operator.py
[2022-01-29 21:14:28,246] {logging_mixin.py:109} INFO - [2022-01-29 21:14:28,246] {dag.py:2396} INFO - Sync 1 DAGs
[2022-01-29 21:14:28,257] {logging_mixin.py:109} INFO - [2022-01-29 21:14:28,257] {dag.py:2935} INFO - Setting next_dagrun for example_branch_datetime_operator_2 to 2022-01-28 00:00:00+00:00
[2022-01-29 21:14:28,265] {processor.py:171} INFO - Processing /Users/user/Youtubed/YTVM/lib/python3.9/site-packages/airflow/example_dags/example_branch_datetime_operator.py took 0.085 seconds
[2022-01-29 21:17:12,551] {processor.py:163} INFO - Started process (PID=3165) to work on /Users/user/Youtubed/YTVM/lib/python3.9/site-packages/airflow/example_dags/example_branch_datetime_operator.py
[2022-01-29 21:17:12,559] {processor.py:642} INFO - Processing file /Users/user/Youtubed/YTVM/lib/python3.9/site-packages/airflow/example_dags/example_branch_datetime_operator.py for tasks to queue
[2022-01-29 21:17:12,561] {logging_mixin.py:109} INFO - [2022-01-29 21:17:12,560] {dagbag.py:500} INFO - Filling up the DagBag from /Users/user/Youtubed/YTVM/lib/python3.9/site-packages/airflow/example_dags/example_branch_datetime_operator.py
[2022-01-29 21:17:12,601] {processor.py:654} INFO - DAG(s) dict_keys(['example_branch_datetime_operator_2']) retrieved from /Users/user/Youtubed/YTVM/lib/python3.9/site-packages/airflow/example_dags/example_branch_datetime_operator.py
[2022-01-29 21:17:12,626] {logging_mixin.py:109} INFO - [2022-01-29 21:17:12,625] {dag.py:2396} INFO - Sync 1 DAGs
[2022-01-29 21:17:12,639] {logging_mixin.py:109} INFO - [2022-01-29 21:17:12,639] {dag.py:2935} INFO - Setting next_dagrun for example_branch_datetime_operator_2 to 2022-01-28 00:00:00+00:00
[2022-01-29 21:17:12,649] {processor.py:171} INFO - Processing /Users/user/Youtubed/YTVM/lib/python3.9/site-packages/airflow/example_dags/example_branch_datetime_operator.py took 0.098 seconds
