[2022-01-29 21:08:29,208] {processor.py:163} INFO - Started process (PID=2944) to work on /Users/user/Youtubed/YTVM/lib/python3.9/site-packages/airflow/example_dags/example_short_circuit_operator.py
[2022-01-29 21:08:29,208] {processor.py:642} INFO - Processing file /Users/user/Youtubed/YTVM/lib/python3.9/site-packages/airflow/example_dags/example_short_circuit_operator.py for tasks to queue
[2022-01-29 21:08:29,209] {logging_mixin.py:109} INFO - [2022-01-29 21:08:29,209] {dagbag.py:500} INFO - Filling up the DagBag from /Users/user/Youtubed/YTVM/lib/python3.9/site-packages/airflow/example_dags/example_short_circuit_operator.py
[2022-01-29 21:08:29,312] {processor.py:654} INFO - DAG(s) dict_keys(['example_short_circuit_operator']) retrieved from /Users/user/Youtubed/YTVM/lib/python3.9/site-packages/airflow/example_dags/example_short_circuit_operator.py
[2022-01-29 21:08:29,351] {logging_mixin.py:109} INFO - [2022-01-29 21:08:29,351] {dag.py:2396} INFO - Sync 1 DAGs
[2022-01-29 21:08:29,364] {logging_mixin.py:109} INFO - [2022-01-29 21:08:29,364] {dag.py:2935} INFO - Setting next_dagrun for example_short_circuit_operator to 2022-01-28T21:08:29.364041+00:00
[2022-01-29 21:08:29,380] {processor.py:171} INFO - Processing /Users/user/Youtubed/YTVM/lib/python3.9/site-packages/airflow/example_dags/example_short_circuit_operator.py took 0.173 seconds
[2022-01-29 21:10:10,091] {processor.py:163} INFO - Started process (PID=2978) to work on /Users/user/Youtubed/YTVM/lib/python3.9/site-packages/airflow/example_dags/example_short_circuit_operator.py
[2022-01-29 21:10:10,099] {processor.py:642} INFO - Processing file /Users/user/Youtubed/YTVM/lib/python3.9/site-packages/airflow/example_dags/example_short_circuit_operator.py for tasks to queue
[2022-01-29 21:10:10,100] {logging_mixin.py:109} INFO - [2022-01-29 21:10:10,100] {dagbag.py:500} INFO - Filling up the DagBag from /Users/user/Youtubed/YTVM/lib/python3.9/site-packages/airflow/example_dags/example_short_circuit_operator.py
[2022-01-29 21:10:10,158] {processor.py:654} INFO - DAG(s) dict_keys(['example_short_circuit_operator']) retrieved from /Users/user/Youtubed/YTVM/lib/python3.9/site-packages/airflow/example_dags/example_short_circuit_operator.py
[2022-01-29 21:10:10,180] {logging_mixin.py:109} INFO - [2022-01-29 21:10:10,179] {dag.py:2396} INFO - Sync 1 DAGs
[2022-01-29 21:10:10,199] {logging_mixin.py:109} INFO - [2022-01-29 21:10:10,199] {dag.py:2935} INFO - Setting next_dagrun for example_short_circuit_operator to 2022-01-28T21:10:10.199033+00:00
[2022-01-29 21:10:10,207] {processor.py:171} INFO - Processing /Users/user/Youtubed/YTVM/lib/python3.9/site-packages/airflow/example_dags/example_short_circuit_operator.py took 0.118 seconds
[2022-01-29 21:12:34,456] {processor.py:163} INFO - Started process (PID=3059) to work on /Users/user/Youtubed/YTVM/lib/python3.9/site-packages/airflow/example_dags/example_short_circuit_operator.py
[2022-01-29 21:12:34,464] {processor.py:642} INFO - Processing file /Users/user/Youtubed/YTVM/lib/python3.9/site-packages/airflow/example_dags/example_short_circuit_operator.py for tasks to queue
[2022-01-29 21:12:34,465] {logging_mixin.py:109} INFO - [2022-01-29 21:12:34,465] {dagbag.py:500} INFO - Filling up the DagBag from /Users/user/Youtubed/YTVM/lib/python3.9/site-packages/airflow/example_dags/example_short_circuit_operator.py
[2022-01-29 21:12:34,511] {processor.py:654} INFO - DAG(s) dict_keys(['example_short_circuit_operator']) retrieved from /Users/user/Youtubed/YTVM/lib/python3.9/site-packages/airflow/example_dags/example_short_circuit_operator.py
[2022-01-29 21:12:34,532] {logging_mixin.py:109} INFO - [2022-01-29 21:12:34,532] {dag.py:2396} INFO - Sync 1 DAGs
[2022-01-29 21:12:34,544] {logging_mixin.py:109} INFO - [2022-01-29 21:12:34,544] {dag.py:2935} INFO - Setting next_dagrun for example_short_circuit_operator to 2022-01-28T21:12:34.543910+00:00
[2022-01-29 21:12:34,553] {processor.py:171} INFO - Processing /Users/user/Youtubed/YTVM/lib/python3.9/site-packages/airflow/example_dags/example_short_circuit_operator.py took 0.097 seconds
[2022-01-29 21:15:31,201] {processor.py:163} INFO - Started process (PID=3121) to work on /Users/user/Youtubed/YTVM/lib/python3.9/site-packages/airflow/example_dags/example_short_circuit_operator.py
[2022-01-29 21:15:31,206] {processor.py:642} INFO - Processing file /Users/user/Youtubed/YTVM/lib/python3.9/site-packages/airflow/example_dags/example_short_circuit_operator.py for tasks to queue
[2022-01-29 21:15:31,207] {logging_mixin.py:109} INFO - [2022-01-29 21:15:31,206] {dagbag.py:500} INFO - Filling up the DagBag from /Users/user/Youtubed/YTVM/lib/python3.9/site-packages/airflow/example_dags/example_short_circuit_operator.py
[2022-01-29 21:15:31,264] {processor.py:654} INFO - DAG(s) dict_keys(['example_short_circuit_operator']) retrieved from /Users/user/Youtubed/YTVM/lib/python3.9/site-packages/airflow/example_dags/example_short_circuit_operator.py
[2022-01-29 21:15:31,282] {logging_mixin.py:109} INFO - [2022-01-29 21:15:31,281] {dag.py:2396} INFO - Sync 1 DAGs
[2022-01-29 21:15:31,291] {logging_mixin.py:109} INFO - [2022-01-29 21:15:31,290] {dag.py:2935} INFO - Setting next_dagrun for example_short_circuit_operator to 2022-01-28T21:15:31.290794+00:00
[2022-01-29 21:15:31,298] {processor.py:171} INFO - Processing /Users/user/Youtubed/YTVM/lib/python3.9/site-packages/airflow/example_dags/example_short_circuit_operator.py took 0.098 seconds
