[2022-01-29 21:08:24,930] {processor.py:163} INFO - Started process (PID=2943) to work on /Users/user/Youtubed/YTVM/lib/python3.9/site-packages/airflow/example_dags/example_skip_dag.py
[2022-01-29 21:08:24,932] {processor.py:642} INFO - Processing file /Users/user/Youtubed/YTVM/lib/python3.9/site-packages/airflow/example_dags/example_skip_dag.py for tasks to queue
[2022-01-29 21:08:24,934] {logging_mixin.py:109} INFO - [2022-01-29 21:08:24,933] {dagbag.py:500} INFO - Filling up the DagBag from /Users/user/Youtubed/YTVM/lib/python3.9/site-packages/airflow/example_dags/example_skip_dag.py
[2022-01-29 21:08:25,096] {processor.py:654} INFO - DAG(s) dict_keys(['example_skip_dag']) retrieved from /Users/user/Youtubed/YTVM/lib/python3.9/site-packages/airflow/example_dags/example_skip_dag.py
[2022-01-29 21:08:25,181] {logging_mixin.py:109} INFO - [2022-01-29 21:08:25,181] {dag.py:2396} INFO - Sync 1 DAGs
[2022-01-29 21:08:25,206] {logging_mixin.py:109} INFO - [2022-01-29 21:08:25,206] {dag.py:2935} INFO - Setting next_dagrun for example_skip_dag to 2022-01-28T21:08:25.206505+00:00
[2022-01-29 21:08:25,235] {processor.py:171} INFO - Processing /Users/user/Youtubed/YTVM/lib/python3.9/site-packages/airflow/example_dags/example_skip_dag.py took 0.307 seconds
[2022-01-29 21:10:08,116] {processor.py:163} INFO - Started process (PID=2977) to work on /Users/user/Youtubed/YTVM/lib/python3.9/site-packages/airflow/example_dags/example_skip_dag.py
[2022-01-29 21:10:08,126] {processor.py:642} INFO - Processing file /Users/user/Youtubed/YTVM/lib/python3.9/site-packages/airflow/example_dags/example_skip_dag.py for tasks to queue
[2022-01-29 21:10:08,127] {logging_mixin.py:109} INFO - [2022-01-29 21:10:08,127] {dagbag.py:500} INFO - Filling up the DagBag from /Users/user/Youtubed/YTVM/lib/python3.9/site-packages/airflow/example_dags/example_skip_dag.py
[2022-01-29 21:10:08,166] {processor.py:654} INFO - DAG(s) dict_keys(['example_skip_dag']) retrieved from /Users/user/Youtubed/YTVM/lib/python3.9/site-packages/airflow/example_dags/example_skip_dag.py
[2022-01-29 21:10:08,188] {logging_mixin.py:109} INFO - [2022-01-29 21:10:08,188] {dag.py:2396} INFO - Sync 1 DAGs
[2022-01-29 21:10:08,198] {logging_mixin.py:109} INFO - [2022-01-29 21:10:08,198] {dag.py:2935} INFO - Setting next_dagrun for example_skip_dag to 2022-01-28T21:10:08.198115+00:00
[2022-01-29 21:10:08,205] {processor.py:171} INFO - Processing /Users/user/Youtubed/YTVM/lib/python3.9/site-packages/airflow/example_dags/example_skip_dag.py took 0.090 seconds
[2022-01-29 21:12:31,309] {processor.py:163} INFO - Started process (PID=3058) to work on /Users/user/Youtubed/YTVM/lib/python3.9/site-packages/airflow/example_dags/example_skip_dag.py
[2022-01-29 21:12:31,318] {processor.py:642} INFO - Processing file /Users/user/Youtubed/YTVM/lib/python3.9/site-packages/airflow/example_dags/example_skip_dag.py for tasks to queue
[2022-01-29 21:12:31,319] {logging_mixin.py:109} INFO - [2022-01-29 21:12:31,319] {dagbag.py:500} INFO - Filling up the DagBag from /Users/user/Youtubed/YTVM/lib/python3.9/site-packages/airflow/example_dags/example_skip_dag.py
[2022-01-29 21:12:31,393] {processor.py:654} INFO - DAG(s) dict_keys(['example_skip_dag']) retrieved from /Users/user/Youtubed/YTVM/lib/python3.9/site-packages/airflow/example_dags/example_skip_dag.py
[2022-01-29 21:12:31,444] {logging_mixin.py:109} INFO - [2022-01-29 21:12:31,444] {dag.py:2396} INFO - Sync 1 DAGs
[2022-01-29 21:12:31,463] {logging_mixin.py:109} INFO - [2022-01-29 21:12:31,463] {dag.py:2935} INFO - Setting next_dagrun for example_skip_dag to 2022-01-28T21:12:31.463602+00:00
[2022-01-29 21:12:31,497] {processor.py:171} INFO - Processing /Users/user/Youtubed/YTVM/lib/python3.9/site-packages/airflow/example_dags/example_skip_dag.py took 0.192 seconds
[2022-01-29 21:15:28,008] {processor.py:163} INFO - Started process (PID=3120) to work on /Users/user/Youtubed/YTVM/lib/python3.9/site-packages/airflow/example_dags/example_skip_dag.py
[2022-01-29 21:15:28,009] {processor.py:642} INFO - Processing file /Users/user/Youtubed/YTVM/lib/python3.9/site-packages/airflow/example_dags/example_skip_dag.py for tasks to queue
[2022-01-29 21:15:28,010] {logging_mixin.py:109} INFO - [2022-01-29 21:15:28,010] {dagbag.py:500} INFO - Filling up the DagBag from /Users/user/Youtubed/YTVM/lib/python3.9/site-packages/airflow/example_dags/example_skip_dag.py
[2022-01-29 21:15:28,067] {processor.py:654} INFO - DAG(s) dict_keys(['example_skip_dag']) retrieved from /Users/user/Youtubed/YTVM/lib/python3.9/site-packages/airflow/example_dags/example_skip_dag.py
[2022-01-29 21:15:28,089] {logging_mixin.py:109} INFO - [2022-01-29 21:15:28,089] {dag.py:2396} INFO - Sync 1 DAGs
[2022-01-29 21:15:28,099] {logging_mixin.py:109} INFO - [2022-01-29 21:15:28,099] {dag.py:2935} INFO - Setting next_dagrun for example_skip_dag to 2022-01-28T21:15:28.099239+00:00
[2022-01-29 21:15:28,109] {processor.py:171} INFO - Processing /Users/user/Youtubed/YTVM/lib/python3.9/site-packages/airflow/example_dags/example_skip_dag.py took 0.102 seconds
