[2022-01-29 21:09:05,080] {processor.py:163} INFO - Started process (PID=2955) to work on /Users/user/Youtubed/YTVM/lib/python3.9/site-packages/airflow/example_dags/example_branch_operator.py
[2022-01-29 21:09:05,081] {processor.py:642} INFO - Processing file /Users/user/Youtubed/YTVM/lib/python3.9/site-packages/airflow/example_dags/example_branch_operator.py for tasks to queue
[2022-01-29 21:09:05,081] {logging_mixin.py:109} INFO - [2022-01-29 21:09:05,081] {dagbag.py:500} INFO - Filling up the DagBag from /Users/user/Youtubed/YTVM/lib/python3.9/site-packages/airflow/example_dags/example_branch_operator.py
[2022-01-29 21:09:05,137] {processor.py:654} INFO - DAG(s) dict_keys(['example_branch_operator']) retrieved from /Users/user/Youtubed/YTVM/lib/python3.9/site-packages/airflow/example_dags/example_branch_operator.py
[2022-01-29 21:09:05,159] {logging_mixin.py:109} INFO - [2022-01-29 21:09:05,159] {dag.py:2396} INFO - Sync 1 DAGs
[2022-01-29 21:09:05,170] {logging_mixin.py:109} INFO - [2022-01-29 21:09:05,170] {dag.py:2935} INFO - Setting next_dagrun for example_branch_operator to 2022-01-28 00:00:00+00:00
[2022-01-29 21:09:05,177] {processor.py:171} INFO - Processing /Users/user/Youtubed/YTVM/lib/python3.9/site-packages/airflow/example_dags/example_branch_operator.py took 0.097 seconds
[2022-01-29 21:11:34,827] {processor.py:163} INFO - Started process (PID=3036) to work on /Users/user/Youtubed/YTVM/lib/python3.9/site-packages/airflow/example_dags/example_branch_operator.py
[2022-01-29 21:11:34,836] {processor.py:642} INFO - Processing file /Users/user/Youtubed/YTVM/lib/python3.9/site-packages/airflow/example_dags/example_branch_operator.py for tasks to queue
[2022-01-29 21:11:34,837] {logging_mixin.py:109} INFO - [2022-01-29 21:11:34,837] {dagbag.py:500} INFO - Filling up the DagBag from /Users/user/Youtubed/YTVM/lib/python3.9/site-packages/airflow/example_dags/example_branch_operator.py
[2022-01-29 21:11:34,885] {processor.py:654} INFO - DAG(s) dict_keys(['example_branch_operator']) retrieved from /Users/user/Youtubed/YTVM/lib/python3.9/site-packages/airflow/example_dags/example_branch_operator.py
[2022-01-29 21:11:34,904] {logging_mixin.py:109} INFO - [2022-01-29 21:11:34,904] {dag.py:2396} INFO - Sync 1 DAGs
[2022-01-29 21:11:34,914] {logging_mixin.py:109} INFO - [2022-01-29 21:11:34,914] {dag.py:2935} INFO - Setting next_dagrun for example_branch_operator to 2022-01-28 00:00:00+00:00
[2022-01-29 21:11:34,921] {processor.py:171} INFO - Processing /Users/user/Youtubed/YTVM/lib/python3.9/site-packages/airflow/example_dags/example_branch_operator.py took 0.094 seconds
[2022-01-29 21:14:17,254] {processor.py:163} INFO - Started process (PID=3088) to work on /Users/user/Youtubed/YTVM/lib/python3.9/site-packages/airflow/example_dags/example_branch_operator.py
[2022-01-29 21:14:17,263] {processor.py:642} INFO - Processing file /Users/user/Youtubed/YTVM/lib/python3.9/site-packages/airflow/example_dags/example_branch_operator.py for tasks to queue
[2022-01-29 21:14:17,266] {logging_mixin.py:109} INFO - [2022-01-29 21:14:17,266] {dagbag.py:500} INFO - Filling up the DagBag from /Users/user/Youtubed/YTVM/lib/python3.9/site-packages/airflow/example_dags/example_branch_operator.py
[2022-01-29 21:14:17,412] {processor.py:654} INFO - DAG(s) dict_keys(['example_branch_operator']) retrieved from /Users/user/Youtubed/YTVM/lib/python3.9/site-packages/airflow/example_dags/example_branch_operator.py
[2022-01-29 21:14:17,463] {logging_mixin.py:109} INFO - [2022-01-29 21:14:17,463] {dag.py:2396} INFO - Sync 1 DAGs
[2022-01-29 21:14:17,486] {logging_mixin.py:109} INFO - [2022-01-29 21:14:17,485] {dag.py:2935} INFO - Setting next_dagrun for example_branch_operator to 2022-01-28 00:00:00+00:00
[2022-01-29 21:14:17,517] {processor.py:171} INFO - Processing /Users/user/Youtubed/YTVM/lib/python3.9/site-packages/airflow/example_dags/example_branch_operator.py took 0.264 seconds
[2022-01-29 21:17:01,306] {processor.py:163} INFO - Started process (PID=3157) to work on /Users/user/Youtubed/YTVM/lib/python3.9/site-packages/airflow/example_dags/example_branch_operator.py
[2022-01-29 21:17:01,307] {processor.py:642} INFO - Processing file /Users/user/Youtubed/YTVM/lib/python3.9/site-packages/airflow/example_dags/example_branch_operator.py for tasks to queue
[2022-01-29 21:17:01,308] {logging_mixin.py:109} INFO - [2022-01-29 21:17:01,307] {dagbag.py:500} INFO - Filling up the DagBag from /Users/user/Youtubed/YTVM/lib/python3.9/site-packages/airflow/example_dags/example_branch_operator.py
[2022-01-29 21:17:01,353] {processor.py:654} INFO - DAG(s) dict_keys(['example_branch_operator']) retrieved from /Users/user/Youtubed/YTVM/lib/python3.9/site-packages/airflow/example_dags/example_branch_operator.py
[2022-01-29 21:17:01,372] {logging_mixin.py:109} INFO - [2022-01-29 21:17:01,372] {dag.py:2396} INFO - Sync 1 DAGs
[2022-01-29 21:17:01,383] {logging_mixin.py:109} INFO - [2022-01-29 21:17:01,383] {dag.py:2935} INFO - Setting next_dagrun for example_branch_operator to 2022-01-28 00:00:00+00:00
[2022-01-29 21:17:01,391] {processor.py:171} INFO - Processing /Users/user/Youtubed/YTVM/lib/python3.9/site-packages/airflow/example_dags/example_branch_operator.py took 0.085 seconds
