[2022-01-29 21:08:52,631] {processor.py:163} INFO - Started process (PID=2951) to work on /Users/user/Youtubed/YTVM/lib/python3.9/site-packages/airflow/example_dags/example_external_task_marker_dag.py
[2022-01-29 21:08:52,632] {processor.py:642} INFO - Processing file /Users/user/Youtubed/YTVM/lib/python3.9/site-packages/airflow/example_dags/example_external_task_marker_dag.py for tasks to queue
[2022-01-29 21:08:52,632] {logging_mixin.py:109} INFO - [2022-01-29 21:08:52,632] {dagbag.py:500} INFO - Filling up the DagBag from /Users/user/Youtubed/YTVM/lib/python3.9/site-packages/airflow/example_dags/example_external_task_marker_dag.py
[2022-01-29 21:08:52,693] {processor.py:654} INFO - DAG(s) dict_keys(['example_external_task_marker_parent', 'example_external_task_marker_child']) retrieved from /Users/user/Youtubed/YTVM/lib/python3.9/site-packages/airflow/example_dags/example_external_task_marker_dag.py
[2022-01-29 21:08:52,720] {logging_mixin.py:109} INFO - [2022-01-29 21:08:52,720] {dag.py:2396} INFO - Sync 2 DAGs
[2022-01-29 21:08:52,729] {logging_mixin.py:109} INFO - [2022-01-29 21:08:52,729] {dag.py:2935} INFO - Setting next_dagrun for example_external_task_marker_child to None
[2022-01-29 21:08:52,730] {logging_mixin.py:109} INFO - [2022-01-29 21:08:52,730] {dag.py:2935} INFO - Setting next_dagrun for example_external_task_marker_parent to None
[2022-01-29 21:08:52,737] {processor.py:171} INFO - Processing /Users/user/Youtubed/YTVM/lib/python3.9/site-packages/airflow/example_dags/example_external_task_marker_dag.py took 0.107 seconds
[2022-01-29 21:11:23,455] {processor.py:163} INFO - Started process (PID=3031) to work on /Users/user/Youtubed/YTVM/lib/python3.9/site-packages/airflow/example_dags/example_external_task_marker_dag.py
[2022-01-29 21:11:23,456] {processor.py:642} INFO - Processing file /Users/user/Youtubed/YTVM/lib/python3.9/site-packages/airflow/example_dags/example_external_task_marker_dag.py for tasks to queue
[2022-01-29 21:11:23,456] {logging_mixin.py:109} INFO - [2022-01-29 21:11:23,456] {dagbag.py:500} INFO - Filling up the DagBag from /Users/user/Youtubed/YTVM/lib/python3.9/site-packages/airflow/example_dags/example_external_task_marker_dag.py
[2022-01-29 21:11:23,501] {processor.py:654} INFO - DAG(s) dict_keys(['example_external_task_marker_parent', 'example_external_task_marker_child']) retrieved from /Users/user/Youtubed/YTVM/lib/python3.9/site-packages/airflow/example_dags/example_external_task_marker_dag.py
[2022-01-29 21:11:23,526] {logging_mixin.py:109} INFO - [2022-01-29 21:11:23,526] {dag.py:2396} INFO - Sync 2 DAGs
[2022-01-29 21:11:23,538] {logging_mixin.py:109} INFO - [2022-01-29 21:11:23,538] {dag.py:2935} INFO - Setting next_dagrun for example_external_task_marker_child to None
[2022-01-29 21:11:23,538] {logging_mixin.py:109} INFO - [2022-01-29 21:11:23,538] {dag.py:2935} INFO - Setting next_dagrun for example_external_task_marker_parent to None
[2022-01-29 21:11:23,547] {processor.py:171} INFO - Processing /Users/user/Youtubed/YTVM/lib/python3.9/site-packages/airflow/example_dags/example_external_task_marker_dag.py took 0.093 seconds
[2022-01-29 21:14:02,776] {processor.py:163} INFO - Started process (PID=3083) to work on /Users/user/Youtubed/YTVM/lib/python3.9/site-packages/airflow/example_dags/example_external_task_marker_dag.py
[2022-01-29 21:14:02,784] {processor.py:642} INFO - Processing file /Users/user/Youtubed/YTVM/lib/python3.9/site-packages/airflow/example_dags/example_external_task_marker_dag.py for tasks to queue
[2022-01-29 21:14:02,785] {logging_mixin.py:109} INFO - [2022-01-29 21:14:02,785] {dagbag.py:500} INFO - Filling up the DagBag from /Users/user/Youtubed/YTVM/lib/python3.9/site-packages/airflow/example_dags/example_external_task_marker_dag.py
[2022-01-29 21:14:02,826] {processor.py:654} INFO - DAG(s) dict_keys(['example_external_task_marker_parent', 'example_external_task_marker_child']) retrieved from /Users/user/Youtubed/YTVM/lib/python3.9/site-packages/airflow/example_dags/example_external_task_marker_dag.py
[2022-01-29 21:14:02,853] {logging_mixin.py:109} INFO - [2022-01-29 21:14:02,852] {dag.py:2396} INFO - Sync 2 DAGs
[2022-01-29 21:14:02,862] {logging_mixin.py:109} INFO - [2022-01-29 21:14:02,862] {dag.py:2935} INFO - Setting next_dagrun for example_external_task_marker_child to None
[2022-01-29 21:14:02,863] {logging_mixin.py:109} INFO - [2022-01-29 21:14:02,863] {dag.py:2935} INFO - Setting next_dagrun for example_external_task_marker_parent to None
[2022-01-29 21:14:02,875] {processor.py:171} INFO - Processing /Users/user/Youtubed/YTVM/lib/python3.9/site-packages/airflow/example_dags/example_external_task_marker_dag.py took 0.100 seconds
[2022-01-29 21:15:54,161] {processor.py:163} INFO - Started process (PID=3133) to work on /Users/user/Youtubed/YTVM/lib/python3.9/site-packages/airflow/example_dags/example_external_task_marker_dag.py
[2022-01-29 21:15:54,170] {processor.py:642} INFO - Processing file /Users/user/Youtubed/YTVM/lib/python3.9/site-packages/airflow/example_dags/example_external_task_marker_dag.py for tasks to queue
[2022-01-29 21:15:54,171] {logging_mixin.py:109} INFO - [2022-01-29 21:15:54,171] {dagbag.py:500} INFO - Filling up the DagBag from /Users/user/Youtubed/YTVM/lib/python3.9/site-packages/airflow/example_dags/example_external_task_marker_dag.py
[2022-01-29 21:15:54,209] {processor.py:654} INFO - DAG(s) dict_keys(['example_external_task_marker_parent', 'example_external_task_marker_child']) retrieved from /Users/user/Youtubed/YTVM/lib/python3.9/site-packages/airflow/example_dags/example_external_task_marker_dag.py
[2022-01-29 21:15:54,232] {logging_mixin.py:109} INFO - [2022-01-29 21:15:54,232] {dag.py:2396} INFO - Sync 2 DAGs
[2022-01-29 21:15:54,243] {logging_mixin.py:109} INFO - [2022-01-29 21:15:54,243] {dag.py:2935} INFO - Setting next_dagrun for example_external_task_marker_child to None
[2022-01-29 21:15:54,243] {logging_mixin.py:109} INFO - [2022-01-29 21:15:54,243] {dag.py:2935} INFO - Setting next_dagrun for example_external_task_marker_parent to None
[2022-01-29 21:15:54,251] {processor.py:171} INFO - Processing /Users/user/Youtubed/YTVM/lib/python3.9/site-packages/airflow/example_dags/example_external_task_marker_dag.py took 0.092 seconds
