[2022-01-29 21:08:15,463] {processor.py:163} INFO - Started process (PID=2936) to work on /Users/user/Youtubed/YTVM/lib/python3.9/site-packages/airflow/example_dags/example_subdag_operator.py
[2022-01-29 21:08:15,463] {processor.py:642} INFO - Processing file /Users/user/Youtubed/YTVM/lib/python3.9/site-packages/airflow/example_dags/example_subdag_operator.py for tasks to queue
[2022-01-29 21:08:15,464] {logging_mixin.py:109} INFO - [2022-01-29 21:08:15,464] {dagbag.py:500} INFO - Filling up the DagBag from /Users/user/Youtubed/YTVM/lib/python3.9/site-packages/airflow/example_dags/example_subdag_operator.py
[2022-01-29 21:08:15,513] {processor.py:654} INFO - DAG(s) dict_keys(['example_subdag_operator.section-1', 'example_subdag_operator.section-2', 'example_subdag_operator']) retrieved from /Users/user/Youtubed/YTVM/lib/python3.9/site-packages/airflow/example_dags/example_subdag_operator.py
[2022-01-29 21:08:15,536] {logging_mixin.py:109} INFO - [2022-01-29 21:08:15,536] {dag.py:2396} INFO - Sync 3 DAGs
[2022-01-29 21:08:15,546] {logging_mixin.py:109} INFO - [2022-01-29 21:08:15,546] {dag.py:2935} INFO - Setting next_dagrun for example_subdag_operator to 2022-01-27T00:00:00+00:00
[2022-01-29 21:08:15,546] {logging_mixin.py:109} INFO - [2022-01-29 21:08:15,546] {dag.py:2935} INFO - Setting next_dagrun for example_subdag_operator.section-1 to None
[2022-01-29 21:08:15,546] {logging_mixin.py:109} INFO - [2022-01-29 21:08:15,546] {dag.py:2935} INFO - Setting next_dagrun for example_subdag_operator.section-2 to None
[2022-01-29 21:08:15,549] {logging_mixin.py:109} INFO - [2022-01-29 21:08:15,549] {dag.py:2396} INFO - Sync 2 DAGs
[2022-01-29 21:08:15,555] {logging_mixin.py:109} INFO - [2022-01-29 21:08:15,554] {dag.py:2935} INFO - Setting next_dagrun for example_subdag_operator.section-1 to None
[2022-01-29 21:08:15,555] {logging_mixin.py:109} INFO - [2022-01-29 21:08:15,555] {dag.py:2935} INFO - Setting next_dagrun for example_subdag_operator.section-2 to None
[2022-01-29 21:08:15,560] {processor.py:171} INFO - Processing /Users/user/Youtubed/YTVM/lib/python3.9/site-packages/airflow/example_dags/example_subdag_operator.py took 0.098 seconds
[2022-01-29 21:10:02,192] {processor.py:163} INFO - Started process (PID=2975) to work on /Users/user/Youtubed/YTVM/lib/python3.9/site-packages/airflow/example_dags/example_subdag_operator.py
[2022-01-29 21:10:02,201] {processor.py:642} INFO - Processing file /Users/user/Youtubed/YTVM/lib/python3.9/site-packages/airflow/example_dags/example_subdag_operator.py for tasks to queue
[2022-01-29 21:10:02,202] {logging_mixin.py:109} INFO - [2022-01-29 21:10:02,202] {dagbag.py:500} INFO - Filling up the DagBag from /Users/user/Youtubed/YTVM/lib/python3.9/site-packages/airflow/example_dags/example_subdag_operator.py
[2022-01-29 21:10:02,245] {processor.py:654} INFO - DAG(s) dict_keys(['example_subdag_operator.section-1', 'example_subdag_operator.section-2', 'example_subdag_operator']) retrieved from /Users/user/Youtubed/YTVM/lib/python3.9/site-packages/airflow/example_dags/example_subdag_operator.py
[2022-01-29 21:10:02,266] {logging_mixin.py:109} INFO - [2022-01-29 21:10:02,266] {dag.py:2396} INFO - Sync 3 DAGs
[2022-01-29 21:10:02,276] {logging_mixin.py:109} INFO - [2022-01-29 21:10:02,276] {dag.py:2935} INFO - Setting next_dagrun for example_subdag_operator to 2022-01-27T00:00:00+00:00
[2022-01-29 21:10:02,276] {logging_mixin.py:109} INFO - [2022-01-29 21:10:02,276] {dag.py:2935} INFO - Setting next_dagrun for example_subdag_operator.section-1 to None
[2022-01-29 21:10:02,276] {logging_mixin.py:109} INFO - [2022-01-29 21:10:02,276] {dag.py:2935} INFO - Setting next_dagrun for example_subdag_operator.section-2 to None
[2022-01-29 21:10:02,280] {logging_mixin.py:109} INFO - [2022-01-29 21:10:02,280] {dag.py:2396} INFO - Sync 2 DAGs
[2022-01-29 21:10:02,285] {logging_mixin.py:109} INFO - [2022-01-29 21:10:02,285] {dag.py:2935} INFO - Setting next_dagrun for example_subdag_operator.section-1 to None
[2022-01-29 21:10:02,286] {logging_mixin.py:109} INFO - [2022-01-29 21:10:02,285] {dag.py:2935} INFO - Setting next_dagrun for example_subdag_operator.section-2 to None
[2022-01-29 21:10:02,291] {processor.py:171} INFO - Processing /Users/user/Youtubed/YTVM/lib/python3.9/site-packages/airflow/example_dags/example_subdag_operator.py took 0.100 seconds
[2022-01-29 21:12:25,723] {processor.py:163} INFO - Started process (PID=3056) to work on /Users/user/Youtubed/YTVM/lib/python3.9/site-packages/airflow/example_dags/example_subdag_operator.py
[2022-01-29 21:12:25,732] {processor.py:642} INFO - Processing file /Users/user/Youtubed/YTVM/lib/python3.9/site-packages/airflow/example_dags/example_subdag_operator.py for tasks to queue
[2022-01-29 21:12:25,733] {logging_mixin.py:109} INFO - [2022-01-29 21:12:25,733] {dagbag.py:500} INFO - Filling up the DagBag from /Users/user/Youtubed/YTVM/lib/python3.9/site-packages/airflow/example_dags/example_subdag_operator.py
[2022-01-29 21:12:25,773] {processor.py:654} INFO - DAG(s) dict_keys(['example_subdag_operator.section-1', 'example_subdag_operator.section-2', 'example_subdag_operator']) retrieved from /Users/user/Youtubed/YTVM/lib/python3.9/site-packages/airflow/example_dags/example_subdag_operator.py
[2022-01-29 21:12:25,794] {logging_mixin.py:109} INFO - [2022-01-29 21:12:25,794] {dag.py:2396} INFO - Sync 3 DAGs
[2022-01-29 21:12:25,803] {logging_mixin.py:109} INFO - [2022-01-29 21:12:25,803] {dag.py:2935} INFO - Setting next_dagrun for example_subdag_operator to 2022-01-27T00:00:00+00:00
[2022-01-29 21:12:25,804] {logging_mixin.py:109} INFO - [2022-01-29 21:12:25,804] {dag.py:2935} INFO - Setting next_dagrun for example_subdag_operator.section-1 to None
[2022-01-29 21:12:25,804] {logging_mixin.py:109} INFO - [2022-01-29 21:12:25,804] {dag.py:2935} INFO - Setting next_dagrun for example_subdag_operator.section-2 to None
[2022-01-29 21:12:25,807] {logging_mixin.py:109} INFO - [2022-01-29 21:12:25,807] {dag.py:2396} INFO - Sync 2 DAGs
[2022-01-29 21:12:25,812] {logging_mixin.py:109} INFO - [2022-01-29 21:12:25,812] {dag.py:2935} INFO - Setting next_dagrun for example_subdag_operator.section-1 to None
[2022-01-29 21:12:25,812] {logging_mixin.py:109} INFO - [2022-01-29 21:12:25,812] {dag.py:2935} INFO - Setting next_dagrun for example_subdag_operator.section-2 to None
[2022-01-29 21:12:25,818] {processor.py:171} INFO - Processing /Users/user/Youtubed/YTVM/lib/python3.9/site-packages/airflow/example_dags/example_subdag_operator.py took 0.095 seconds
[2022-01-29 21:13:54,778] {processor.py:163} INFO - Started process (PID=3081) to work on /Users/user/Youtubed/YTVM/lib/python3.9/site-packages/airflow/example_dags/example_subdag_operator.py
[2022-01-29 21:13:54,789] {processor.py:642} INFO - Processing file /Users/user/Youtubed/YTVM/lib/python3.9/site-packages/airflow/example_dags/example_subdag_operator.py for tasks to queue
[2022-01-29 21:13:54,790] {logging_mixin.py:109} INFO - [2022-01-29 21:13:54,790] {dagbag.py:500} INFO - Filling up the DagBag from /Users/user/Youtubed/YTVM/lib/python3.9/site-packages/airflow/example_dags/example_subdag_operator.py
[2022-01-29 21:13:54,872] {processor.py:654} INFO - DAG(s) dict_keys(['example_subdag_operator.section-1', 'example_subdag_operator.section-2', 'example_subdag_operator']) retrieved from /Users/user/Youtubed/YTVM/lib/python3.9/site-packages/airflow/example_dags/example_subdag_operator.py
[2022-01-29 21:13:54,923] {logging_mixin.py:109} INFO - [2022-01-29 21:13:54,923] {dag.py:2396} INFO - Sync 3 DAGs
[2022-01-29 21:13:54,940] {logging_mixin.py:109} INFO - [2022-01-29 21:13:54,940] {dag.py:2935} INFO - Setting next_dagrun for example_subdag_operator to 2022-01-27T00:00:00+00:00
[2022-01-29 21:13:54,940] {logging_mixin.py:109} INFO - [2022-01-29 21:13:54,940] {dag.py:2935} INFO - Setting next_dagrun for example_subdag_operator.section-1 to None
[2022-01-29 21:13:54,941] {logging_mixin.py:109} INFO - [2022-01-29 21:13:54,941] {dag.py:2935} INFO - Setting next_dagrun for example_subdag_operator.section-2 to None
[2022-01-29 21:13:54,947] {logging_mixin.py:109} INFO - [2022-01-29 21:13:54,947] {dag.py:2396} INFO - Sync 2 DAGs
[2022-01-29 21:13:54,953] {logging_mixin.py:109} INFO - [2022-01-29 21:13:54,953] {dag.py:2935} INFO - Setting next_dagrun for example_subdag_operator.section-1 to None
[2022-01-29 21:13:54,954] {logging_mixin.py:109} INFO - [2022-01-29 21:13:54,954] {dag.py:2935} INFO - Setting next_dagrun for example_subdag_operator.section-2 to None
[2022-01-29 21:13:54,961] {processor.py:171} INFO - Processing /Users/user/Youtubed/YTVM/lib/python3.9/site-packages/airflow/example_dags/example_subdag_operator.py took 0.187 seconds
[2022-01-29 21:15:22,261] {processor.py:163} INFO - Started process (PID=3115) to work on /Users/user/Youtubed/YTVM/lib/python3.9/site-packages/airflow/example_dags/example_subdag_operator.py
[2022-01-29 21:15:22,262] {processor.py:642} INFO - Processing file /Users/user/Youtubed/YTVM/lib/python3.9/site-packages/airflow/example_dags/example_subdag_operator.py for tasks to queue
[2022-01-29 21:15:22,263] {logging_mixin.py:109} INFO - [2022-01-29 21:15:22,263] {dagbag.py:500} INFO - Filling up the DagBag from /Users/user/Youtubed/YTVM/lib/python3.9/site-packages/airflow/example_dags/example_subdag_operator.py
[2022-01-29 21:15:22,303] {processor.py:654} INFO - DAG(s) dict_keys(['example_subdag_operator.section-1', 'example_subdag_operator.section-2', 'example_subdag_operator']) retrieved from /Users/user/Youtubed/YTVM/lib/python3.9/site-packages/airflow/example_dags/example_subdag_operator.py
[2022-01-29 21:15:22,324] {logging_mixin.py:109} INFO - [2022-01-29 21:15:22,324] {dag.py:2396} INFO - Sync 3 DAGs
[2022-01-29 21:15:22,333] {logging_mixin.py:109} INFO - [2022-01-29 21:15:22,333] {dag.py:2935} INFO - Setting next_dagrun for example_subdag_operator to 2022-01-27T00:00:00+00:00
[2022-01-29 21:15:22,333] {logging_mixin.py:109} INFO - [2022-01-29 21:15:22,333] {dag.py:2935} INFO - Setting next_dagrun for example_subdag_operator.section-1 to None
[2022-01-29 21:15:22,333] {logging_mixin.py:109} INFO - [2022-01-29 21:15:22,333] {dag.py:2935} INFO - Setting next_dagrun for example_subdag_operator.section-2 to None
[2022-01-29 21:15:22,336] {logging_mixin.py:109} INFO - [2022-01-29 21:15:22,336] {dag.py:2396} INFO - Sync 2 DAGs
[2022-01-29 21:15:22,342] {logging_mixin.py:109} INFO - [2022-01-29 21:15:22,341] {dag.py:2935} INFO - Setting next_dagrun for example_subdag_operator.section-1 to None
[2022-01-29 21:15:22,342] {logging_mixin.py:109} INFO - [2022-01-29 21:15:22,342] {dag.py:2935} INFO - Setting next_dagrun for example_subdag_operator.section-2 to None
[2022-01-29 21:15:22,347] {processor.py:171} INFO - Processing /Users/user/Youtubed/YTVM/lib/python3.9/site-packages/airflow/example_dags/example_subdag_operator.py took 0.086 seconds
[2022-01-29 21:16:39,084] {processor.py:163} INFO - Started process (PID=3152) to work on /Users/user/Youtubed/YTVM/lib/python3.9/site-packages/airflow/example_dags/example_subdag_operator.py
[2022-01-29 21:16:39,093] {processor.py:642} INFO - Processing file /Users/user/Youtubed/YTVM/lib/python3.9/site-packages/airflow/example_dags/example_subdag_operator.py for tasks to queue
[2022-01-29 21:16:39,094] {logging_mixin.py:109} INFO - [2022-01-29 21:16:39,093] {dagbag.py:500} INFO - Filling up the DagBag from /Users/user/Youtubed/YTVM/lib/python3.9/site-packages/airflow/example_dags/example_subdag_operator.py
[2022-01-29 21:16:39,150] {processor.py:654} INFO - DAG(s) dict_keys(['example_subdag_operator.section-1', 'example_subdag_operator.section-2', 'example_subdag_operator']) retrieved from /Users/user/Youtubed/YTVM/lib/python3.9/site-packages/airflow/example_dags/example_subdag_operator.py
[2022-01-29 21:16:39,179] {logging_mixin.py:109} INFO - [2022-01-29 21:16:39,178] {dag.py:2396} INFO - Sync 3 DAGs
[2022-01-29 21:16:39,190] {logging_mixin.py:109} INFO - [2022-01-29 21:16:39,190] {dag.py:2935} INFO - Setting next_dagrun for example_subdag_operator to 2022-01-27T00:00:00+00:00
[2022-01-29 21:16:39,190] {logging_mixin.py:109} INFO - [2022-01-29 21:16:39,190] {dag.py:2935} INFO - Setting next_dagrun for example_subdag_operator.section-1 to None
[2022-01-29 21:16:39,191] {logging_mixin.py:109} INFO - [2022-01-29 21:16:39,191] {dag.py:2935} INFO - Setting next_dagrun for example_subdag_operator.section-2 to None
[2022-01-29 21:16:39,196] {logging_mixin.py:109} INFO - [2022-01-29 21:16:39,196] {dag.py:2396} INFO - Sync 2 DAGs
[2022-01-29 21:16:39,203] {logging_mixin.py:109} INFO - [2022-01-29 21:16:39,203] {dag.py:2935} INFO - Setting next_dagrun for example_subdag_operator.section-1 to None
[2022-01-29 21:16:39,203] {logging_mixin.py:109} INFO - [2022-01-29 21:16:39,203] {dag.py:2935} INFO - Setting next_dagrun for example_subdag_operator.section-2 to None
[2022-01-29 21:16:39,211] {processor.py:171} INFO - Processing /Users/user/Youtubed/YTVM/lib/python3.9/site-packages/airflow/example_dags/example_subdag_operator.py took 0.127 seconds
