[2022-01-29 21:09:02,416] {processor.py:163} INFO - Started process (PID=2954) to work on /Users/user/Youtubed/YTVM/lib/python3.9/site-packages/airflow/example_dags/example_branch_python_dop_operator_3.py
[2022-01-29 21:09:02,416] {processor.py:642} INFO - Processing file /Users/user/Youtubed/YTVM/lib/python3.9/site-packages/airflow/example_dags/example_branch_python_dop_operator_3.py for tasks to queue
[2022-01-29 21:09:02,417] {logging_mixin.py:109} INFO - [2022-01-29 21:09:02,417] {dagbag.py:500} INFO - Filling up the DagBag from /Users/user/Youtubed/YTVM/lib/python3.9/site-packages/airflow/example_dags/example_branch_python_dop_operator_3.py
[2022-01-29 21:09:02,469] {processor.py:654} INFO - DAG(s) dict_keys(['example_branch_dop_operator_v3']) retrieved from /Users/user/Youtubed/YTVM/lib/python3.9/site-packages/airflow/example_dags/example_branch_python_dop_operator_3.py
[2022-01-29 21:09:02,486] {logging_mixin.py:109} INFO - [2022-01-29 21:09:02,486] {dag.py:2396} INFO - Sync 1 DAGs
[2022-01-29 21:09:02,500] {logging_mixin.py:109} INFO - [2022-01-29 21:09:02,500] {dag.py:2935} INFO - Setting next_dagrun for example_branch_dop_operator_v3 to 2022-01-29T21:08:00+00:00
[2022-01-29 21:09:02,507] {processor.py:171} INFO - Processing /Users/user/Youtubed/YTVM/lib/python3.9/site-packages/airflow/example_dags/example_branch_python_dop_operator_3.py took 0.092 seconds
[2022-01-29 21:11:32,112] {processor.py:163} INFO - Started process (PID=3035) to work on /Users/user/Youtubed/YTVM/lib/python3.9/site-packages/airflow/example_dags/example_branch_python_dop_operator_3.py
[2022-01-29 21:11:32,121] {processor.py:642} INFO - Processing file /Users/user/Youtubed/YTVM/lib/python3.9/site-packages/airflow/example_dags/example_branch_python_dop_operator_3.py for tasks to queue
[2022-01-29 21:11:32,122] {logging_mixin.py:109} INFO - [2022-01-29 21:11:32,122] {dagbag.py:500} INFO - Filling up the DagBag from /Users/user/Youtubed/YTVM/lib/python3.9/site-packages/airflow/example_dags/example_branch_python_dop_operator_3.py
[2022-01-29 21:11:32,170] {processor.py:654} INFO - DAG(s) dict_keys(['example_branch_dop_operator_v3']) retrieved from /Users/user/Youtubed/YTVM/lib/python3.9/site-packages/airflow/example_dags/example_branch_python_dop_operator_3.py
[2022-01-29 21:11:32,186] {logging_mixin.py:109} INFO - [2022-01-29 21:11:32,186] {dag.py:2396} INFO - Sync 1 DAGs
[2022-01-29 21:11:32,199] {logging_mixin.py:109} INFO - [2022-01-29 21:11:32,199] {dag.py:2935} INFO - Setting next_dagrun for example_branch_dop_operator_v3 to 2022-01-29T21:10:00+00:00
[2022-01-29 21:11:32,206] {processor.py:171} INFO - Processing /Users/user/Youtubed/YTVM/lib/python3.9/site-packages/airflow/example_dags/example_branch_python_dop_operator_3.py took 0.095 seconds
[2022-01-29 21:14:12,961] {processor.py:163} INFO - Started process (PID=3086) to work on /Users/user/Youtubed/YTVM/lib/python3.9/site-packages/airflow/example_dags/example_branch_python_dop_operator_3.py
[2022-01-29 21:14:12,969] {processor.py:642} INFO - Processing file /Users/user/Youtubed/YTVM/lib/python3.9/site-packages/airflow/example_dags/example_branch_python_dop_operator_3.py for tasks to queue
[2022-01-29 21:14:12,970] {logging_mixin.py:109} INFO - [2022-01-29 21:14:12,970] {dagbag.py:500} INFO - Filling up the DagBag from /Users/user/Youtubed/YTVM/lib/python3.9/site-packages/airflow/example_dags/example_branch_python_dop_operator_3.py
[2022-01-29 21:14:13,028] {processor.py:654} INFO - DAG(s) dict_keys(['example_branch_dop_operator_v3']) retrieved from /Users/user/Youtubed/YTVM/lib/python3.9/site-packages/airflow/example_dags/example_branch_python_dop_operator_3.py
[2022-01-29 21:14:13,050] {logging_mixin.py:109} INFO - [2022-01-29 21:14:13,050] {dag.py:2396} INFO - Sync 1 DAGs
[2022-01-29 21:14:13,064] {logging_mixin.py:109} INFO - [2022-01-29 21:14:13,063] {dag.py:2935} INFO - Setting next_dagrun for example_branch_dop_operator_v3 to 2022-01-29T21:13:00+00:00
[2022-01-29 21:14:13,071] {processor.py:171} INFO - Processing /Users/user/Youtubed/YTVM/lib/python3.9/site-packages/airflow/example_dags/example_branch_python_dop_operator_3.py took 0.111 seconds
[2022-01-29 21:16:58,136] {processor.py:163} INFO - Started process (PID=3156) to work on /Users/user/Youtubed/YTVM/lib/python3.9/site-packages/airflow/example_dags/example_branch_python_dop_operator_3.py
[2022-01-29 21:16:58,137] {processor.py:642} INFO - Processing file /Users/user/Youtubed/YTVM/lib/python3.9/site-packages/airflow/example_dags/example_branch_python_dop_operator_3.py for tasks to queue
[2022-01-29 21:16:58,142] {logging_mixin.py:109} INFO - [2022-01-29 21:16:58,140] {dagbag.py:500} INFO - Filling up the DagBag from /Users/user/Youtubed/YTVM/lib/python3.9/site-packages/airflow/example_dags/example_branch_python_dop_operator_3.py
[2022-01-29 21:16:58,319] {processor.py:654} INFO - DAG(s) dict_keys(['example_branch_dop_operator_v3']) retrieved from /Users/user/Youtubed/YTVM/lib/python3.9/site-packages/airflow/example_dags/example_branch_python_dop_operator_3.py
[2022-01-29 21:16:58,357] {logging_mixin.py:109} INFO - [2022-01-29 21:16:58,357] {dag.py:2396} INFO - Sync 1 DAGs
[2022-01-29 21:16:58,375] {logging_mixin.py:109} INFO - [2022-01-29 21:16:58,375] {dag.py:2935} INFO - Setting next_dagrun for example_branch_dop_operator_v3 to 2022-01-29T21:15:00+00:00
[2022-01-29 21:16:58,404] {processor.py:171} INFO - Processing /Users/user/Youtubed/YTVM/lib/python3.9/site-packages/airflow/example_dags/example_branch_python_dop_operator_3.py took 0.269 seconds
