[2022-01-29 21:08:49,677] {processor.py:163} INFO - Started process (PID=2950) to work on /Users/user/Youtubed/YTVM/lib/python3.9/site-packages/airflow/example_dags/example_kubernetes_executor.py
[2022-01-29 21:08:49,677] {processor.py:642} INFO - Processing file /Users/user/Youtubed/YTVM/lib/python3.9/site-packages/airflow/example_dags/example_kubernetes_executor.py for tasks to queue
[2022-01-29 21:08:49,678] {logging_mixin.py:109} INFO - [2022-01-29 21:08:49,678] {dagbag.py:500} INFO - Filling up the DagBag from /Users/user/Youtubed/YTVM/lib/python3.9/site-packages/airflow/example_dags/example_kubernetes_executor.py
[2022-01-29 21:08:49,712] {logging_mixin.py:109} INFO - [2022-01-29 21:08:49,712] {example_kubernetes_executor.py:38} WARNING - The example_kubernetes_executor example DAG requires the kubernetes provider. Please install it with: pip install apache-airflow[cncf.kubernetes]
[2022-01-29 21:08:49,737] {processor.py:656} WARNING - No viable dags retrieved from /Users/user/Youtubed/YTVM/lib/python3.9/site-packages/airflow/example_dags/example_kubernetes_executor.py
[2022-01-29 21:08:49,739] {processor.py:171} INFO - Processing /Users/user/Youtubed/YTVM/lib/python3.9/site-packages/airflow/example_dags/example_kubernetes_executor.py took 0.063 seconds
[2022-01-29 21:11:19,723] {processor.py:163} INFO - Started process (PID=3018) to work on /Users/user/Youtubed/YTVM/lib/python3.9/site-packages/airflow/example_dags/example_kubernetes_executor.py
[2022-01-29 21:11:19,723] {processor.py:642} INFO - Processing file /Users/user/Youtubed/YTVM/lib/python3.9/site-packages/airflow/example_dags/example_kubernetes_executor.py for tasks to queue
[2022-01-29 21:11:19,724] {logging_mixin.py:109} INFO - [2022-01-29 21:11:19,724] {dagbag.py:500} INFO - Filling up the DagBag from /Users/user/Youtubed/YTVM/lib/python3.9/site-packages/airflow/example_dags/example_kubernetes_executor.py
[2022-01-29 21:11:19,752] {logging_mixin.py:109} INFO - [2022-01-29 21:11:19,752] {example_kubernetes_executor.py:38} WARNING - The example_kubernetes_executor example DAG requires the kubernetes provider. Please install it with: pip install apache-airflow[cncf.kubernetes]
[2022-01-29 21:11:19,778] {processor.py:656} WARNING - No viable dags retrieved from /Users/user/Youtubed/YTVM/lib/python3.9/site-packages/airflow/example_dags/example_kubernetes_executor.py
[2022-01-29 21:11:19,780] {processor.py:171} INFO - Processing /Users/user/Youtubed/YTVM/lib/python3.9/site-packages/airflow/example_dags/example_kubernetes_executor.py took 0.058 seconds
[2022-01-29 21:13:58,289] {processor.py:163} INFO - Started process (PID=3082) to work on /Users/user/Youtubed/YTVM/lib/python3.9/site-packages/airflow/example_dags/example_kubernetes_executor.py
[2022-01-29 21:13:58,290] {processor.py:642} INFO - Processing file /Users/user/Youtubed/YTVM/lib/python3.9/site-packages/airflow/example_dags/example_kubernetes_executor.py for tasks to queue
[2022-01-29 21:13:58,290] {logging_mixin.py:109} INFO - [2022-01-29 21:13:58,290] {dagbag.py:500} INFO - Filling up the DagBag from /Users/user/Youtubed/YTVM/lib/python3.9/site-packages/airflow/example_dags/example_kubernetes_executor.py
[2022-01-29 21:13:58,335] {logging_mixin.py:109} INFO - [2022-01-29 21:13:58,335] {example_kubernetes_executor.py:38} WARNING - The example_kubernetes_executor example DAG requires the kubernetes provider. Please install it with: pip install apache-airflow[cncf.kubernetes]
[2022-01-29 21:13:58,361] {processor.py:656} WARNING - No viable dags retrieved from /Users/user/Youtubed/YTVM/lib/python3.9/site-packages/airflow/example_dags/example_kubernetes_executor.py
[2022-01-29 21:13:58,366] {processor.py:171} INFO - Processing /Users/user/Youtubed/YTVM/lib/python3.9/site-packages/airflow/example_dags/example_kubernetes_executor.py took 0.078 seconds
[2022-01-29 21:15:51,041] {processor.py:163} INFO - Started process (PID=3131) to work on /Users/user/Youtubed/YTVM/lib/python3.9/site-packages/airflow/example_dags/example_kubernetes_executor.py
[2022-01-29 21:15:51,041] {processor.py:642} INFO - Processing file /Users/user/Youtubed/YTVM/lib/python3.9/site-packages/airflow/example_dags/example_kubernetes_executor.py for tasks to queue
[2022-01-29 21:15:51,043] {logging_mixin.py:109} INFO - [2022-01-29 21:15:51,043] {dagbag.py:500} INFO - Filling up the DagBag from /Users/user/Youtubed/YTVM/lib/python3.9/site-packages/airflow/example_dags/example_kubernetes_executor.py
[2022-01-29 21:15:51,119] {logging_mixin.py:109} INFO - [2022-01-29 21:15:51,119] {example_kubernetes_executor.py:38} WARNING - The example_kubernetes_executor example DAG requires the kubernetes provider. Please install it with: pip install apache-airflow[cncf.kubernetes]
[2022-01-29 21:15:51,152] {processor.py:656} WARNING - No viable dags retrieved from /Users/user/Youtubed/YTVM/lib/python3.9/site-packages/airflow/example_dags/example_kubernetes_executor.py
[2022-01-29 21:15:51,155] {processor.py:171} INFO - Processing /Users/user/Youtubed/YTVM/lib/python3.9/site-packages/airflow/example_dags/example_kubernetes_executor.py took 0.115 seconds
