[2022-01-29 21:07:38,922] {processor.py:163} INFO - Started process (PID=2914) to work on /Users/user/Youtubed/YTVM/lib/python3.9/site-packages/airflow/example_dags/tutorial_etl_dag.py
[2022-01-29 21:07:38,923] {processor.py:642} INFO - Processing file /Users/user/Youtubed/YTVM/lib/python3.9/site-packages/airflow/example_dags/tutorial_etl_dag.py for tasks to queue
[2022-01-29 21:07:38,923] {logging_mixin.py:109} INFO - [2022-01-29 21:07:38,923] {dagbag.py:500} INFO - Filling up the DagBag from /Users/user/Youtubed/YTVM/lib/python3.9/site-packages/airflow/example_dags/tutorial_etl_dag.py
[2022-01-29 21:07:38,990] {processor.py:654} INFO - DAG(s) dict_keys(['tutorial_etl_dag']) retrieved from /Users/user/Youtubed/YTVM/lib/python3.9/site-packages/airflow/example_dags/tutorial_etl_dag.py
[2022-01-29 21:07:39,014] {logging_mixin.py:109} INFO - [2022-01-29 21:07:39,014] {dag.py:2396} INFO - Sync 1 DAGs
[2022-01-29 21:07:39,023] {logging_mixin.py:109} INFO - [2022-01-29 21:07:39,023] {dag.py:2935} INFO - Setting next_dagrun for tutorial_etl_dag to None
[2022-01-29 21:07:39,032] {processor.py:171} INFO - Processing /Users/user/Youtubed/YTVM/lib/python3.9/site-packages/airflow/example_dags/tutorial_etl_dag.py took 0.111 seconds
[2022-01-29 21:09:35,442] {processor.py:163} INFO - Started process (PID=2965) to work on /Users/user/Youtubed/YTVM/lib/python3.9/site-packages/airflow/example_dags/tutorial_etl_dag.py
[2022-01-29 21:09:35,444] {processor.py:642} INFO - Processing file /Users/user/Youtubed/YTVM/lib/python3.9/site-packages/airflow/example_dags/tutorial_etl_dag.py for tasks to queue
[2022-01-29 21:09:35,445] {logging_mixin.py:109} INFO - [2022-01-29 21:09:35,445] {dagbag.py:500} INFO - Filling up the DagBag from /Users/user/Youtubed/YTVM/lib/python3.9/site-packages/airflow/example_dags/tutorial_etl_dag.py
[2022-01-29 21:09:35,517] {processor.py:654} INFO - DAG(s) dict_keys(['tutorial_etl_dag']) retrieved from /Users/user/Youtubed/YTVM/lib/python3.9/site-packages/airflow/example_dags/tutorial_etl_dag.py
[2022-01-29 21:09:35,540] {logging_mixin.py:109} INFO - [2022-01-29 21:09:35,540] {dag.py:2396} INFO - Sync 1 DAGs
[2022-01-29 21:09:35,552] {logging_mixin.py:109} INFO - [2022-01-29 21:09:35,552] {dag.py:2935} INFO - Setting next_dagrun for tutorial_etl_dag to None
[2022-01-29 21:09:35,561] {processor.py:171} INFO - Processing /Users/user/Youtubed/YTVM/lib/python3.9/site-packages/airflow/example_dags/tutorial_etl_dag.py took 0.121 seconds
[2022-01-29 21:10:47,753] {processor.py:163} INFO - Started process (PID=2994) to work on /Users/user/Youtubed/YTVM/lib/python3.9/site-packages/airflow/example_dags/tutorial_etl_dag.py
[2022-01-29 21:10:47,754] {processor.py:642} INFO - Processing file /Users/user/Youtubed/YTVM/lib/python3.9/site-packages/airflow/example_dags/tutorial_etl_dag.py for tasks to queue
[2022-01-29 21:10:47,754] {logging_mixin.py:109} INFO - [2022-01-29 21:10:47,754] {dagbag.py:500} INFO - Filling up the DagBag from /Users/user/Youtubed/YTVM/lib/python3.9/site-packages/airflow/example_dags/tutorial_etl_dag.py
[2022-01-29 21:10:47,805] {processor.py:654} INFO - DAG(s) dict_keys(['tutorial_etl_dag']) retrieved from /Users/user/Youtubed/YTVM/lib/python3.9/site-packages/airflow/example_dags/tutorial_etl_dag.py
[2022-01-29 21:10:47,823] {logging_mixin.py:109} INFO - [2022-01-29 21:10:47,823] {dag.py:2396} INFO - Sync 1 DAGs
[2022-01-29 21:10:47,832] {logging_mixin.py:109} INFO - [2022-01-29 21:10:47,832] {dag.py:2935} INFO - Setting next_dagrun for tutorial_etl_dag to None
[2022-01-29 21:10:47,839] {processor.py:171} INFO - Processing /Users/user/Youtubed/YTVM/lib/python3.9/site-packages/airflow/example_dags/tutorial_etl_dag.py took 0.087 seconds
[2022-01-29 21:12:01,626] {processor.py:163} INFO - Started process (PID=3046) to work on /Users/user/Youtubed/YTVM/lib/python3.9/site-packages/airflow/example_dags/tutorial_etl_dag.py
[2022-01-29 21:12:01,635] {processor.py:642} INFO - Processing file /Users/user/Youtubed/YTVM/lib/python3.9/site-packages/airflow/example_dags/tutorial_etl_dag.py for tasks to queue
[2022-01-29 21:12:01,636] {logging_mixin.py:109} INFO - [2022-01-29 21:12:01,636] {dagbag.py:500} INFO - Filling up the DagBag from /Users/user/Youtubed/YTVM/lib/python3.9/site-packages/airflow/example_dags/tutorial_etl_dag.py
[2022-01-29 21:12:01,684] {processor.py:654} INFO - DAG(s) dict_keys(['tutorial_etl_dag']) retrieved from /Users/user/Youtubed/YTVM/lib/python3.9/site-packages/airflow/example_dags/tutorial_etl_dag.py
[2022-01-29 21:12:01,702] {logging_mixin.py:109} INFO - [2022-01-29 21:12:01,701] {dag.py:2396} INFO - Sync 1 DAGs
[2022-01-29 21:12:01,710] {logging_mixin.py:109} INFO - [2022-01-29 21:12:01,710] {dag.py:2935} INFO - Setting next_dagrun for tutorial_etl_dag to None
[2022-01-29 21:12:01,717] {processor.py:171} INFO - Processing /Users/user/Youtubed/YTVM/lib/python3.9/site-packages/airflow/example_dags/tutorial_etl_dag.py took 0.092 seconds
[2022-01-29 21:13:14,656] {processor.py:163} INFO - Started process (PID=3072) to work on /Users/user/Youtubed/YTVM/lib/python3.9/site-packages/airflow/example_dags/tutorial_etl_dag.py
[2022-01-29 21:13:14,665] {processor.py:642} INFO - Processing file /Users/user/Youtubed/YTVM/lib/python3.9/site-packages/airflow/example_dags/tutorial_etl_dag.py for tasks to queue
[2022-01-29 21:13:14,668] {logging_mixin.py:109} INFO - [2022-01-29 21:13:14,667] {dagbag.py:500} INFO - Filling up the DagBag from /Users/user/Youtubed/YTVM/lib/python3.9/site-packages/airflow/example_dags/tutorial_etl_dag.py
[2022-01-29 21:13:14,775] {processor.py:654} INFO - DAG(s) dict_keys(['tutorial_etl_dag']) retrieved from /Users/user/Youtubed/YTVM/lib/python3.9/site-packages/airflow/example_dags/tutorial_etl_dag.py
[2022-01-29 21:13:14,836] {logging_mixin.py:109} INFO - [2022-01-29 21:13:14,836] {dag.py:2396} INFO - Sync 1 DAGs
[2022-01-29 21:13:14,852] {logging_mixin.py:109} INFO - [2022-01-29 21:13:14,852] {dag.py:2935} INFO - Setting next_dagrun for tutorial_etl_dag to None
[2022-01-29 21:13:14,861] {processor.py:171} INFO - Processing /Users/user/Youtubed/YTVM/lib/python3.9/site-packages/airflow/example_dags/tutorial_etl_dag.py took 0.206 seconds
[2022-01-29 21:14:54,437] {processor.py:163} INFO - Started process (PID=3100) to work on /Users/user/Youtubed/YTVM/lib/python3.9/site-packages/airflow/example_dags/tutorial_etl_dag.py
[2022-01-29 21:14:54,438] {processor.py:642} INFO - Processing file /Users/user/Youtubed/YTVM/lib/python3.9/site-packages/airflow/example_dags/tutorial_etl_dag.py for tasks to queue
[2022-01-29 21:14:54,438] {logging_mixin.py:109} INFO - [2022-01-29 21:14:54,438] {dagbag.py:500} INFO - Filling up the DagBag from /Users/user/Youtubed/YTVM/lib/python3.9/site-packages/airflow/example_dags/tutorial_etl_dag.py
[2022-01-29 21:14:54,484] {processor.py:654} INFO - DAG(s) dict_keys(['tutorial_etl_dag']) retrieved from /Users/user/Youtubed/YTVM/lib/python3.9/site-packages/airflow/example_dags/tutorial_etl_dag.py
[2022-01-29 21:14:54,501] {logging_mixin.py:109} INFO - [2022-01-29 21:14:54,501] {dag.py:2396} INFO - Sync 1 DAGs
[2022-01-29 21:14:54,510] {logging_mixin.py:109} INFO - [2022-01-29 21:14:54,510] {dag.py:2935} INFO - Setting next_dagrun for tutorial_etl_dag to None
[2022-01-29 21:14:54,517] {processor.py:171} INFO - Processing /Users/user/Youtubed/YTVM/lib/python3.9/site-packages/airflow/example_dags/tutorial_etl_dag.py took 0.080 seconds
[2022-01-29 21:16:09,288] {processor.py:163} INFO - Started process (PID=3138) to work on /Users/user/Youtubed/YTVM/lib/python3.9/site-packages/airflow/example_dags/tutorial_etl_dag.py
[2022-01-29 21:16:09,296] {processor.py:642} INFO - Processing file /Users/user/Youtubed/YTVM/lib/python3.9/site-packages/airflow/example_dags/tutorial_etl_dag.py for tasks to queue
[2022-01-29 21:16:09,297] {logging_mixin.py:109} INFO - [2022-01-29 21:16:09,297] {dagbag.py:500} INFO - Filling up the DagBag from /Users/user/Youtubed/YTVM/lib/python3.9/site-packages/airflow/example_dags/tutorial_etl_dag.py
[2022-01-29 21:16:09,350] {processor.py:654} INFO - DAG(s) dict_keys(['tutorial_etl_dag']) retrieved from /Users/user/Youtubed/YTVM/lib/python3.9/site-packages/airflow/example_dags/tutorial_etl_dag.py
[2022-01-29 21:16:09,368] {logging_mixin.py:109} INFO - [2022-01-29 21:16:09,368] {dag.py:2396} INFO - Sync 1 DAGs
[2022-01-29 21:16:09,378] {logging_mixin.py:109} INFO - [2022-01-29 21:16:09,377] {dag.py:2935} INFO - Setting next_dagrun for tutorial_etl_dag to None
[2022-01-29 21:16:09,385] {processor.py:171} INFO - Processing /Users/user/Youtubed/YTVM/lib/python3.9/site-packages/airflow/example_dags/tutorial_etl_dag.py took 0.097 seconds
[2022-01-29 21:17:32,360] {processor.py:163} INFO - Started process (PID=3173) to work on /Users/user/Youtubed/YTVM/lib/python3.9/site-packages/airflow/example_dags/tutorial_etl_dag.py
[2022-01-29 21:17:32,360] {processor.py:642} INFO - Processing file /Users/user/Youtubed/YTVM/lib/python3.9/site-packages/airflow/example_dags/tutorial_etl_dag.py for tasks to queue
[2022-01-29 21:17:32,361] {logging_mixin.py:109} INFO - [2022-01-29 21:17:32,361] {dagbag.py:500} INFO - Filling up the DagBag from /Users/user/Youtubed/YTVM/lib/python3.9/site-packages/airflow/example_dags/tutorial_etl_dag.py
[2022-01-29 21:17:32,404] {processor.py:654} INFO - DAG(s) dict_keys(['tutorial_etl_dag']) retrieved from /Users/user/Youtubed/YTVM/lib/python3.9/site-packages/airflow/example_dags/tutorial_etl_dag.py
[2022-01-29 21:17:32,421] {logging_mixin.py:109} INFO - [2022-01-29 21:17:32,421] {dag.py:2396} INFO - Sync 1 DAGs
[2022-01-29 21:17:32,430] {logging_mixin.py:109} INFO - [2022-01-29 21:17:32,430] {dag.py:2935} INFO - Setting next_dagrun for tutorial_etl_dag to None
[2022-01-29 21:17:32,437] {processor.py:171} INFO - Processing /Users/user/Youtubed/YTVM/lib/python3.9/site-packages/airflow/example_dags/tutorial_etl_dag.py took 0.078 seconds
