[2022-01-29 21:07:32,371] {processor.py:163} INFO - Started process (PID=2912) to work on /Users/user/Youtubed/YTVM/lib/python3.9/site-packages/airflow/example_dags/tutorial_taskflow_api_etl_virtualenv.py
[2022-01-29 21:07:32,372] {processor.py:642} INFO - Processing file /Users/user/Youtubed/YTVM/lib/python3.9/site-packages/airflow/example_dags/tutorial_taskflow_api_etl_virtualenv.py for tasks to queue
[2022-01-29 21:07:32,372] {logging_mixin.py:109} INFO - [2022-01-29 21:07:32,372] {dagbag.py:500} INFO - Filling up the DagBag from /Users/user/Youtubed/YTVM/lib/python3.9/site-packages/airflow/example_dags/tutorial_taskflow_api_etl_virtualenv.py
[2022-01-29 21:07:32,440] {processor.py:654} INFO - DAG(s) dict_keys(['tutorial_taskflow_api_etl_virtualenv']) retrieved from /Users/user/Youtubed/YTVM/lib/python3.9/site-packages/airflow/example_dags/tutorial_taskflow_api_etl_virtualenv.py
[2022-01-29 21:07:32,841] {logging_mixin.py:109} INFO - [2022-01-29 21:07:32,840] {dag.py:2396} INFO - Sync 1 DAGs
[2022-01-29 21:07:32,851] {logging_mixin.py:109} INFO - [2022-01-29 21:07:32,851] {dag.py:2935} INFO - Setting next_dagrun for tutorial_taskflow_api_etl_virtualenv to None
[2022-01-29 21:07:32,861] {processor.py:171} INFO - Processing /Users/user/Youtubed/YTVM/lib/python3.9/site-packages/airflow/example_dags/tutorial_taskflow_api_etl_virtualenv.py took 0.490 seconds
[2022-01-29 21:09:27,606] {processor.py:163} INFO - Started process (PID=2963) to work on /Users/user/Youtubed/YTVM/lib/python3.9/site-packages/airflow/example_dags/tutorial_taskflow_api_etl_virtualenv.py
[2022-01-29 21:09:27,606] {processor.py:642} INFO - Processing file /Users/user/Youtubed/YTVM/lib/python3.9/site-packages/airflow/example_dags/tutorial_taskflow_api_etl_virtualenv.py for tasks to queue
[2022-01-29 21:09:27,607] {logging_mixin.py:109} INFO - [2022-01-29 21:09:27,607] {dagbag.py:500} INFO - Filling up the DagBag from /Users/user/Youtubed/YTVM/lib/python3.9/site-packages/airflow/example_dags/tutorial_taskflow_api_etl_virtualenv.py
[2022-01-29 21:09:27,677] {processor.py:654} INFO - DAG(s) dict_keys(['tutorial_taskflow_api_etl_virtualenv']) retrieved from /Users/user/Youtubed/YTVM/lib/python3.9/site-packages/airflow/example_dags/tutorial_taskflow_api_etl_virtualenv.py
[2022-01-29 21:09:28,168] {logging_mixin.py:109} INFO - [2022-01-29 21:09:28,168] {dag.py:2396} INFO - Sync 1 DAGs
[2022-01-29 21:09:28,178] {logging_mixin.py:109} INFO - [2022-01-29 21:09:28,178] {dag.py:2935} INFO - Setting next_dagrun for tutorial_taskflow_api_etl_virtualenv to None
[2022-01-29 21:09:28,193] {processor.py:171} INFO - Processing /Users/user/Youtubed/YTVM/lib/python3.9/site-packages/airflow/example_dags/tutorial_taskflow_api_etl_virtualenv.py took 0.588 seconds
[2022-01-29 21:10:37,580] {processor.py:163} INFO - Started process (PID=2987) to work on /Users/user/Youtubed/YTVM/lib/python3.9/site-packages/airflow/example_dags/tutorial_taskflow_api_etl_virtualenv.py
[2022-01-29 21:10:37,581] {processor.py:642} INFO - Processing file /Users/user/Youtubed/YTVM/lib/python3.9/site-packages/airflow/example_dags/tutorial_taskflow_api_etl_virtualenv.py for tasks to queue
[2022-01-29 21:10:37,582] {logging_mixin.py:109} INFO - [2022-01-29 21:10:37,582] {dagbag.py:500} INFO - Filling up the DagBag from /Users/user/Youtubed/YTVM/lib/python3.9/site-packages/airflow/example_dags/tutorial_taskflow_api_etl_virtualenv.py
[2022-01-29 21:10:37,679] {processor.py:654} INFO - DAG(s) dict_keys(['tutorial_taskflow_api_etl_virtualenv']) retrieved from /Users/user/Youtubed/YTVM/lib/python3.9/site-packages/airflow/example_dags/tutorial_taskflow_api_etl_virtualenv.py
[2022-01-29 21:10:38,176] {logging_mixin.py:109} INFO - [2022-01-29 21:10:38,176] {dag.py:2396} INFO - Sync 1 DAGs
[2022-01-29 21:10:38,213] {logging_mixin.py:109} INFO - [2022-01-29 21:10:38,212] {dag.py:2935} INFO - Setting next_dagrun for tutorial_taskflow_api_etl_virtualenv to None
[2022-01-29 21:10:38,224] {processor.py:171} INFO - Processing /Users/user/Youtubed/YTVM/lib/python3.9/site-packages/airflow/example_dags/tutorial_taskflow_api_etl_virtualenv.py took 0.645 seconds
[2022-01-29 21:11:54,504] {processor.py:163} INFO - Started process (PID=3044) to work on /Users/user/Youtubed/YTVM/lib/python3.9/site-packages/airflow/example_dags/tutorial_taskflow_api_etl_virtualenv.py
[2022-01-29 21:11:54,512] {processor.py:642} INFO - Processing file /Users/user/Youtubed/YTVM/lib/python3.9/site-packages/airflow/example_dags/tutorial_taskflow_api_etl_virtualenv.py for tasks to queue
[2022-01-29 21:11:54,513] {logging_mixin.py:109} INFO - [2022-01-29 21:11:54,513] {dagbag.py:500} INFO - Filling up the DagBag from /Users/user/Youtubed/YTVM/lib/python3.9/site-packages/airflow/example_dags/tutorial_taskflow_api_etl_virtualenv.py
[2022-01-29 21:11:54,563] {processor.py:654} INFO - DAG(s) dict_keys(['tutorial_taskflow_api_etl_virtualenv']) retrieved from /Users/user/Youtubed/YTVM/lib/python3.9/site-packages/airflow/example_dags/tutorial_taskflow_api_etl_virtualenv.py
[2022-01-29 21:11:55,019] {logging_mixin.py:109} INFO - [2022-01-29 21:11:55,019] {dag.py:2396} INFO - Sync 1 DAGs
[2022-01-29 21:11:55,050] {logging_mixin.py:109} INFO - [2022-01-29 21:11:55,050] {dag.py:2935} INFO - Setting next_dagrun for tutorial_taskflow_api_etl_virtualenv to None
[2022-01-29 21:11:55,086] {processor.py:171} INFO - Processing /Users/user/Youtubed/YTVM/lib/python3.9/site-packages/airflow/example_dags/tutorial_taskflow_api_etl_virtualenv.py took 0.583 seconds
[2022-01-29 21:13:07,382] {processor.py:163} INFO - Started process (PID=3069) to work on /Users/user/Youtubed/YTVM/lib/python3.9/site-packages/airflow/example_dags/tutorial_taskflow_api_etl_virtualenv.py
[2022-01-29 21:13:07,383] {processor.py:642} INFO - Processing file /Users/user/Youtubed/YTVM/lib/python3.9/site-packages/airflow/example_dags/tutorial_taskflow_api_etl_virtualenv.py for tasks to queue
[2022-01-29 21:13:07,384] {logging_mixin.py:109} INFO - [2022-01-29 21:13:07,384] {dagbag.py:500} INFO - Filling up the DagBag from /Users/user/Youtubed/YTVM/lib/python3.9/site-packages/airflow/example_dags/tutorial_taskflow_api_etl_virtualenv.py
[2022-01-29 21:13:07,471] {processor.py:654} INFO - DAG(s) dict_keys(['tutorial_taskflow_api_etl_virtualenv']) retrieved from /Users/user/Youtubed/YTVM/lib/python3.9/site-packages/airflow/example_dags/tutorial_taskflow_api_etl_virtualenv.py
[2022-01-29 21:13:07,971] {logging_mixin.py:109} INFO - [2022-01-29 21:13:07,970] {dag.py:2396} INFO - Sync 1 DAGs
[2022-01-29 21:13:07,991] {logging_mixin.py:109} INFO - [2022-01-29 21:13:07,991] {dag.py:2935} INFO - Setting next_dagrun for tutorial_taskflow_api_etl_virtualenv to None
[2022-01-29 21:13:08,003] {processor.py:171} INFO - Processing /Users/user/Youtubed/YTVM/lib/python3.9/site-packages/airflow/example_dags/tutorial_taskflow_api_etl_virtualenv.py took 0.621 seconds
[2022-01-29 21:14:44,029] {processor.py:163} INFO - Started process (PID=3095) to work on /Users/user/Youtubed/YTVM/lib/python3.9/site-packages/airflow/example_dags/tutorial_taskflow_api_etl_virtualenv.py
[2022-01-29 21:14:44,045] {processor.py:642} INFO - Processing file /Users/user/Youtubed/YTVM/lib/python3.9/site-packages/airflow/example_dags/tutorial_taskflow_api_etl_virtualenv.py for tasks to queue
[2022-01-29 21:14:44,052] {logging_mixin.py:109} INFO - [2022-01-29 21:14:44,052] {dagbag.py:500} INFO - Filling up the DagBag from /Users/user/Youtubed/YTVM/lib/python3.9/site-packages/airflow/example_dags/tutorial_taskflow_api_etl_virtualenv.py
[2022-01-29 21:14:44,227] {processor.py:654} INFO - DAG(s) dict_keys(['tutorial_taskflow_api_etl_virtualenv']) retrieved from /Users/user/Youtubed/YTVM/lib/python3.9/site-packages/airflow/example_dags/tutorial_taskflow_api_etl_virtualenv.py
[2022-01-29 21:14:45,323] {logging_mixin.py:109} INFO - [2022-01-29 21:14:45,323] {dag.py:2396} INFO - Sync 1 DAGs
[2022-01-29 21:14:45,360] {logging_mixin.py:109} INFO - [2022-01-29 21:14:45,360] {dag.py:2935} INFO - Setting next_dagrun for tutorial_taskflow_api_etl_virtualenv to None
[2022-01-29 21:14:45,394] {processor.py:171} INFO - Processing /Users/user/Youtubed/YTVM/lib/python3.9/site-packages/airflow/example_dags/tutorial_taskflow_api_etl_virtualenv.py took 1.365 seconds
[2022-01-29 21:16:02,804] {processor.py:163} INFO - Started process (PID=3136) to work on /Users/user/Youtubed/YTVM/lib/python3.9/site-packages/airflow/example_dags/tutorial_taskflow_api_etl_virtualenv.py
[2022-01-29 21:16:02,812] {processor.py:642} INFO - Processing file /Users/user/Youtubed/YTVM/lib/python3.9/site-packages/airflow/example_dags/tutorial_taskflow_api_etl_virtualenv.py for tasks to queue
[2022-01-29 21:16:02,813] {logging_mixin.py:109} INFO - [2022-01-29 21:16:02,813] {dagbag.py:500} INFO - Filling up the DagBag from /Users/user/Youtubed/YTVM/lib/python3.9/site-packages/airflow/example_dags/tutorial_taskflow_api_etl_virtualenv.py
[2022-01-29 21:16:02,865] {processor.py:654} INFO - DAG(s) dict_keys(['tutorial_taskflow_api_etl_virtualenv']) retrieved from /Users/user/Youtubed/YTVM/lib/python3.9/site-packages/airflow/example_dags/tutorial_taskflow_api_etl_virtualenv.py
[2022-01-29 21:16:03,298] {logging_mixin.py:109} INFO - [2022-01-29 21:16:03,298] {dag.py:2396} INFO - Sync 1 DAGs
[2022-01-29 21:16:03,308] {logging_mixin.py:109} INFO - [2022-01-29 21:16:03,308] {dag.py:2935} INFO - Setting next_dagrun for tutorial_taskflow_api_etl_virtualenv to None
[2022-01-29 21:16:03,318] {processor.py:171} INFO - Processing /Users/user/Youtubed/YTVM/lib/python3.9/site-packages/airflow/example_dags/tutorial_taskflow_api_etl_virtualenv.py took 0.515 seconds
[2022-01-29 21:17:24,563] {processor.py:163} INFO - Started process (PID=3171) to work on /Users/user/Youtubed/YTVM/lib/python3.9/site-packages/airflow/example_dags/tutorial_taskflow_api_etl_virtualenv.py
[2022-01-29 21:17:24,571] {processor.py:642} INFO - Processing file /Users/user/Youtubed/YTVM/lib/python3.9/site-packages/airflow/example_dags/tutorial_taskflow_api_etl_virtualenv.py for tasks to queue
[2022-01-29 21:17:24,572] {logging_mixin.py:109} INFO - [2022-01-29 21:17:24,572] {dagbag.py:500} INFO - Filling up the DagBag from /Users/user/Youtubed/YTVM/lib/python3.9/site-packages/airflow/example_dags/tutorial_taskflow_api_etl_virtualenv.py
[2022-01-29 21:17:24,678] {processor.py:654} INFO - DAG(s) dict_keys(['tutorial_taskflow_api_etl_virtualenv']) retrieved from /Users/user/Youtubed/YTVM/lib/python3.9/site-packages/airflow/example_dags/tutorial_taskflow_api_etl_virtualenv.py
[2022-01-29 21:17:25,152] {logging_mixin.py:109} INFO - [2022-01-29 21:17:25,151] {dag.py:2396} INFO - Sync 1 DAGs
[2022-01-29 21:17:25,161] {logging_mixin.py:109} INFO - [2022-01-29 21:17:25,161] {dag.py:2935} INFO - Setting next_dagrun for tutorial_taskflow_api_etl_virtualenv to None
[2022-01-29 21:17:25,173] {processor.py:171} INFO - Processing /Users/user/Youtubed/YTVM/lib/python3.9/site-packages/airflow/example_dags/tutorial_taskflow_api_etl_virtualenv.py took 0.612 seconds
