[2022-01-29 21:07:26,917] {processor.py:163} INFO - Started process (PID=2909) to work on /Users/user/Youtubed/YTVM/lib/python3.9/site-packages/airflow/example_dags/subdags/subdag.py
[2022-01-29 21:07:26,917] {processor.py:642} INFO - Processing file /Users/user/Youtubed/YTVM/lib/python3.9/site-packages/airflow/example_dags/subdags/subdag.py for tasks to queue
[2022-01-29 21:07:26,918] {logging_mixin.py:109} INFO - [2022-01-29 21:07:26,918] {dagbag.py:500} INFO - Filling up the DagBag from /Users/user/Youtubed/YTVM/lib/python3.9/site-packages/airflow/example_dags/subdags/subdag.py
[2022-01-29 21:07:26,943] {processor.py:656} WARNING - No viable dags retrieved from /Users/user/Youtubed/YTVM/lib/python3.9/site-packages/airflow/example_dags/subdags/subdag.py
[2022-01-29 21:07:26,945] {processor.py:171} INFO - Processing /Users/user/Youtubed/YTVM/lib/python3.9/site-packages/airflow/example_dags/subdags/subdag.py took 0.029 seconds
[2022-01-29 21:09:20,865] {processor.py:163} INFO - Started process (PID=2961) to work on /Users/user/Youtubed/YTVM/lib/python3.9/site-packages/airflow/example_dags/subdags/subdag.py
[2022-01-29 21:09:20,873] {processor.py:642} INFO - Processing file /Users/user/Youtubed/YTVM/lib/python3.9/site-packages/airflow/example_dags/subdags/subdag.py for tasks to queue
[2022-01-29 21:09:20,874] {logging_mixin.py:109} INFO - [2022-01-29 21:09:20,873] {dagbag.py:500} INFO - Filling up the DagBag from /Users/user/Youtubed/YTVM/lib/python3.9/site-packages/airflow/example_dags/subdags/subdag.py
[2022-01-29 21:09:20,942] {processor.py:656} WARNING - No viable dags retrieved from /Users/user/Youtubed/YTVM/lib/python3.9/site-packages/airflow/example_dags/subdags/subdag.py
[2022-01-29 21:09:20,952] {processor.py:171} INFO - Processing /Users/user/Youtubed/YTVM/lib/python3.9/site-packages/airflow/example_dags/subdags/subdag.py took 0.089 seconds
[2022-01-29 21:10:30,709] {processor.py:163} INFO - Started process (PID=2985) to work on /Users/user/Youtubed/YTVM/lib/python3.9/site-packages/airflow/example_dags/subdags/subdag.py
[2022-01-29 21:10:30,717] {processor.py:642} INFO - Processing file /Users/user/Youtubed/YTVM/lib/python3.9/site-packages/airflow/example_dags/subdags/subdag.py for tasks to queue
[2022-01-29 21:10:30,718] {logging_mixin.py:109} INFO - [2022-01-29 21:10:30,718] {dagbag.py:500} INFO - Filling up the DagBag from /Users/user/Youtubed/YTVM/lib/python3.9/site-packages/airflow/example_dags/subdags/subdag.py
[2022-01-29 21:10:30,764] {processor.py:656} WARNING - No viable dags retrieved from /Users/user/Youtubed/YTVM/lib/python3.9/site-packages/airflow/example_dags/subdags/subdag.py
[2022-01-29 21:10:30,765] {processor.py:171} INFO - Processing /Users/user/Youtubed/YTVM/lib/python3.9/site-packages/airflow/example_dags/subdags/subdag.py took 0.057 seconds
[2022-01-29 21:11:50,056] {processor.py:163} INFO - Started process (PID=3042) to work on /Users/user/Youtubed/YTVM/lib/python3.9/site-packages/airflow/example_dags/subdags/subdag.py
[2022-01-29 21:11:50,057] {processor.py:642} INFO - Processing file /Users/user/Youtubed/YTVM/lib/python3.9/site-packages/airflow/example_dags/subdags/subdag.py for tasks to queue
[2022-01-29 21:11:50,057] {logging_mixin.py:109} INFO - [2022-01-29 21:11:50,057] {dagbag.py:500} INFO - Filling up the DagBag from /Users/user/Youtubed/YTVM/lib/python3.9/site-packages/airflow/example_dags/subdags/subdag.py
[2022-01-29 21:11:50,084] {processor.py:656} WARNING - No viable dags retrieved from /Users/user/Youtubed/YTVM/lib/python3.9/site-packages/airflow/example_dags/subdags/subdag.py
[2022-01-29 21:11:50,086] {processor.py:171} INFO - Processing /Users/user/Youtubed/YTVM/lib/python3.9/site-packages/airflow/example_dags/subdags/subdag.py took 0.030 seconds
[2022-01-29 21:12:59,533] {processor.py:163} INFO - Started process (PID=3065) to work on /Users/user/Youtubed/YTVM/lib/python3.9/site-packages/airflow/example_dags/subdags/subdag.py
[2022-01-29 21:12:59,534] {processor.py:642} INFO - Processing file /Users/user/Youtubed/YTVM/lib/python3.9/site-packages/airflow/example_dags/subdags/subdag.py for tasks to queue
[2022-01-29 21:12:59,535] {logging_mixin.py:109} INFO - [2022-01-29 21:12:59,535] {dagbag.py:500} INFO - Filling up the DagBag from /Users/user/Youtubed/YTVM/lib/python3.9/site-packages/airflow/example_dags/subdags/subdag.py
[2022-01-29 21:12:59,592] {processor.py:656} WARNING - No viable dags retrieved from /Users/user/Youtubed/YTVM/lib/python3.9/site-packages/airflow/example_dags/subdags/subdag.py
[2022-01-29 21:12:59,594] {processor.py:171} INFO - Processing /Users/user/Youtubed/YTVM/lib/python3.9/site-packages/airflow/example_dags/subdags/subdag.py took 0.062 seconds
[2022-01-29 21:14:34,989] {processor.py:163} INFO - Started process (PID=3093) to work on /Users/user/Youtubed/YTVM/lib/python3.9/site-packages/airflow/example_dags/subdags/subdag.py
[2022-01-29 21:14:34,998] {processor.py:642} INFO - Processing file /Users/user/Youtubed/YTVM/lib/python3.9/site-packages/airflow/example_dags/subdags/subdag.py for tasks to queue
[2022-01-29 21:14:35,000] {logging_mixin.py:109} INFO - [2022-01-29 21:14:35,000] {dagbag.py:500} INFO - Filling up the DagBag from /Users/user/Youtubed/YTVM/lib/python3.9/site-packages/airflow/example_dags/subdags/subdag.py
[2022-01-29 21:14:35,033] {processor.py:656} WARNING - No viable dags retrieved from /Users/user/Youtubed/YTVM/lib/python3.9/site-packages/airflow/example_dags/subdags/subdag.py
[2022-01-29 21:14:35,035] {processor.py:171} INFO - Processing /Users/user/Youtubed/YTVM/lib/python3.9/site-packages/airflow/example_dags/subdags/subdag.py took 0.047 seconds
[2022-01-29 21:15:57,164] {processor.py:163} INFO - Started process (PID=3134) to work on /Users/user/Youtubed/YTVM/lib/python3.9/site-packages/airflow/example_dags/subdags/subdag.py
[2022-01-29 21:15:57,173] {processor.py:642} INFO - Processing file /Users/user/Youtubed/YTVM/lib/python3.9/site-packages/airflow/example_dags/subdags/subdag.py for tasks to queue
[2022-01-29 21:15:57,174] {logging_mixin.py:109} INFO - [2022-01-29 21:15:57,173] {dagbag.py:500} INFO - Filling up the DagBag from /Users/user/Youtubed/YTVM/lib/python3.9/site-packages/airflow/example_dags/subdags/subdag.py
[2022-01-29 21:15:57,204] {processor.py:656} WARNING - No viable dags retrieved from /Users/user/Youtubed/YTVM/lib/python3.9/site-packages/airflow/example_dags/subdags/subdag.py
[2022-01-29 21:15:57,206] {processor.py:171} INFO - Processing /Users/user/Youtubed/YTVM/lib/python3.9/site-packages/airflow/example_dags/subdags/subdag.py took 0.042 seconds
[2022-01-29 21:17:18,362] {processor.py:163} INFO - Started process (PID=3168) to work on /Users/user/Youtubed/YTVM/lib/python3.9/site-packages/airflow/example_dags/subdags/subdag.py
[2022-01-29 21:17:18,363] {processor.py:642} INFO - Processing file /Users/user/Youtubed/YTVM/lib/python3.9/site-packages/airflow/example_dags/subdags/subdag.py for tasks to queue
[2022-01-29 21:17:18,364] {logging_mixin.py:109} INFO - [2022-01-29 21:17:18,364] {dagbag.py:500} INFO - Filling up the DagBag from /Users/user/Youtubed/YTVM/lib/python3.9/site-packages/airflow/example_dags/subdags/subdag.py
[2022-01-29 21:17:18,397] {processor.py:656} WARNING - No viable dags retrieved from /Users/user/Youtubed/YTVM/lib/python3.9/site-packages/airflow/example_dags/subdags/subdag.py
[2022-01-29 21:17:18,402] {processor.py:171} INFO - Processing /Users/user/Youtubed/YTVM/lib/python3.9/site-packages/airflow/example_dags/subdags/subdag.py took 0.040 seconds
