[2022-01-29 22:04:51,603] {taskinstance.py:1032} INFO - Dependencies all met for <TaskInstance: asdag.spotify_etl scheduled__2021-11-06T00:00:00+00:00 [queued]>
[2022-01-29 22:04:51,613] {taskinstance.py:1032} INFO - Dependencies all met for <TaskInstance: asdag.spotify_etl scheduled__2021-11-06T00:00:00+00:00 [queued]>
[2022-01-29 22:04:51,613] {taskinstance.py:1238} INFO - 
--------------------------------------------------------------------------------
[2022-01-29 22:04:51,613] {taskinstance.py:1239} INFO - Starting attempt 1 of 2
[2022-01-29 22:04:51,613] {taskinstance.py:1240} INFO - 
--------------------------------------------------------------------------------
[2022-01-29 22:04:51,624] {taskinstance.py:1259} INFO - Executing <Task(PythonOperator): spotify_etl> on 2021-11-06 00:00:00+00:00
[2022-01-29 22:04:51,626] {standard_task_runner.py:52} INFO - Started process 5142 to run task
[2022-01-29 22:04:51,633] {standard_task_runner.py:76} INFO - Running: ['airflow', 'tasks', 'run', 'asdag', 'spotify_etl', 'scheduled__2021-11-06T00:00:00+00:00', '--job-id', '652', '--raw', '--subdir', 'DAGS_FOLDER/sdag.py', '--cfg-path', '/var/folders/nx/v6d0bskn22s742wqx2vwc_rm0000gn/T/tmplafq1ihz', '--error-file', '/var/folders/nx/v6d0bskn22s742wqx2vwc_rm0000gn/T/tmpyoseo0mq']
[2022-01-29 22:04:51,636] {standard_task_runner.py:77} INFO - Job 652: Subtask spotify_etl
[2022-01-29 22:04:51,725] {logging_mixin.py:109} INFO - Running <TaskInstance: asdag.spotify_etl scheduled__2021-11-06T00:00:00+00:00 [running]> on host 1.0.0.0.0.0.0.0.0.0.0.0.0.0.0.0.0.0.0.0.0.0.0.0.0.0.0.0.0.0.0.0.ip6.arpa
[2022-01-29 22:04:51,800] {taskinstance.py:1424} INFO - Exporting the following env vars:
AIRFLOW_CTX_DAG_EMAIL=airflow@example.com
AIRFLOW_CTX_DAG_OWNER=airflow
AIRFLOW_CTX_DAG_ID=asdag
AIRFLOW_CTX_TASK_ID=spotify_etl
AIRFLOW_CTX_EXECUTION_DATE=2021-11-06T00:00:00+00:00
AIRFLOW_CTX_DAG_RUN_ID=scheduled__2021-11-06T00:00:00+00:00
[2022-01-29 22:04:51,801] {logging_mixin.py:109} INFO - Showing  something
[2022-01-29 22:04:51,803] {python.py:175} INFO - Done. Returned value was: None
[2022-01-29 22:04:51,811] {taskinstance.py:1267} INFO - Marking task as SUCCESS. dag_id=asdag, task_id=spotify_etl, execution_date=20211106T000000, start_date=20220129T220451, end_date=20220129T220451
[2022-01-29 22:04:51,866] {local_task_job.py:154} INFO - Task exited with return code 0
[2022-01-29 22:04:51,885] {local_task_job.py:264} INFO - 0 downstream tasks scheduled from follow-on schedule check
