[2022-01-29 22:04:57,338] {taskinstance.py:1032} INFO - Dependencies all met for <TaskInstance: asdag.spotify_etl scheduled__2021-11-07T00:00:00+00:00 [queued]>
[2022-01-29 22:04:57,346] {taskinstance.py:1032} INFO - Dependencies all met for <TaskInstance: asdag.spotify_etl scheduled__2021-11-07T00:00:00+00:00 [queued]>
[2022-01-29 22:04:57,346] {taskinstance.py:1238} INFO - 
--------------------------------------------------------------------------------
[2022-01-29 22:04:57,347] {taskinstance.py:1239} INFO - Starting attempt 1 of 2
[2022-01-29 22:04:57,347] {taskinstance.py:1240} INFO - 
--------------------------------------------------------------------------------
[2022-01-29 22:04:57,355] {taskinstance.py:1259} INFO - Executing <Task(PythonOperator): spotify_etl> on 2021-11-07 00:00:00+00:00
[2022-01-29 22:04:57,357] {standard_task_runner.py:52} INFO - Started process 5149 to run task
[2022-01-29 22:04:57,365] {standard_task_runner.py:76} INFO - Running: ['airflow', 'tasks', 'run', 'asdag', 'spotify_etl', 'scheduled__2021-11-07T00:00:00+00:00', '--job-id', '653', '--raw', '--subdir', 'DAGS_FOLDER/sdag.py', '--cfg-path', '/var/folders/nx/v6d0bskn22s742wqx2vwc_rm0000gn/T/tmp6r_o5q1z', '--error-file', '/var/folders/nx/v6d0bskn22s742wqx2vwc_rm0000gn/T/tmpkyavw6nq']
[2022-01-29 22:04:57,368] {standard_task_runner.py:77} INFO - Job 653: Subtask spotify_etl
[2022-01-29 22:04:57,440] {logging_mixin.py:109} INFO - Running <TaskInstance: asdag.spotify_etl scheduled__2021-11-07T00:00:00+00:00 [running]> on host 1.0.0.0.0.0.0.0.0.0.0.0.0.0.0.0.0.0.0.0.0.0.0.0.0.0.0.0.0.0.0.0.ip6.arpa
[2022-01-29 22:04:57,487] {taskinstance.py:1424} INFO - Exporting the following env vars:
AIRFLOW_CTX_DAG_EMAIL=airflow@example.com
AIRFLOW_CTX_DAG_OWNER=airflow
AIRFLOW_CTX_DAG_ID=asdag
AIRFLOW_CTX_TASK_ID=spotify_etl
AIRFLOW_CTX_EXECUTION_DATE=2021-11-07T00:00:00+00:00
AIRFLOW_CTX_DAG_RUN_ID=scheduled__2021-11-07T00:00:00+00:00
[2022-01-29 22:04:57,489] {logging_mixin.py:109} INFO - Showing  something
[2022-01-29 22:04:57,489] {python.py:175} INFO - Done. Returned value was: None
[2022-01-29 22:04:57,496] {taskinstance.py:1267} INFO - Marking task as SUCCESS. dag_id=asdag, task_id=spotify_etl, execution_date=20211107T000000, start_date=20220129T220457, end_date=20220129T220457
[2022-01-29 22:04:57,509] {local_task_job.py:154} INFO - Task exited with return code 0
[2022-01-29 22:04:57,526] {local_task_job.py:264} INFO - 0 downstream tasks scheduled from follow-on schedule check
