[2022-01-29 22:06:55,908] {taskinstance.py:1032} INFO - Dependencies all met for <TaskInstance: asdag.spotify_etl scheduled__2021-12-11T00:00:00+00:00 [queued]>
[2022-01-29 22:06:55,918] {taskinstance.py:1032} INFO - Dependencies all met for <TaskInstance: asdag.spotify_etl scheduled__2021-12-11T00:00:00+00:00 [queued]>
[2022-01-29 22:06:55,919] {taskinstance.py:1238} INFO - 
--------------------------------------------------------------------------------
[2022-01-29 22:06:55,919] {taskinstance.py:1239} INFO - Starting attempt 1 of 2
[2022-01-29 22:06:55,919] {taskinstance.py:1240} INFO - 
--------------------------------------------------------------------------------
[2022-01-29 22:06:55,927] {taskinstance.py:1259} INFO - Executing <Task(PythonOperator): spotify_etl> on 2021-12-11 00:00:00+00:00
[2022-01-29 22:06:55,929] {standard_task_runner.py:52} INFO - Started process 5236 to run task
[2022-01-29 22:06:55,934] {standard_task_runner.py:76} INFO - Running: ['airflow', 'tasks', 'run', 'asdag', 'spotify_etl', 'scheduled__2021-12-11T00:00:00+00:00', '--job-id', '687', '--raw', '--subdir', 'DAGS_FOLDER/sdag.py', '--cfg-path', '/var/folders/nx/v6d0bskn22s742wqx2vwc_rm0000gn/T/tmpougii2i0', '--error-file', '/var/folders/nx/v6d0bskn22s742wqx2vwc_rm0000gn/T/tmpmdqipvgs']
[2022-01-29 22:06:55,936] {standard_task_runner.py:77} INFO - Job 687: Subtask spotify_etl
[2022-01-29 22:06:55,977] {logging_mixin.py:109} INFO - Running <TaskInstance: asdag.spotify_etl scheduled__2021-12-11T00:00:00+00:00 [running]> on host 1.0.0.0.0.0.0.0.0.0.0.0.0.0.0.0.0.0.0.0.0.0.0.0.0.0.0.0.0.0.0.0.ip6.arpa
[2022-01-29 22:06:56,017] {taskinstance.py:1424} INFO - Exporting the following env vars:
AIRFLOW_CTX_DAG_EMAIL=airflow@example.com
AIRFLOW_CTX_DAG_OWNER=airflow
AIRFLOW_CTX_DAG_ID=asdag
AIRFLOW_CTX_TASK_ID=spotify_etl
AIRFLOW_CTX_EXECUTION_DATE=2021-12-11T00:00:00+00:00
AIRFLOW_CTX_DAG_RUN_ID=scheduled__2021-12-11T00:00:00+00:00
[2022-01-29 22:06:56,018] {logging_mixin.py:109} INFO - Showing  something
[2022-01-29 22:06:56,018] {python.py:175} INFO - Done. Returned value was: None
[2022-01-29 22:06:56,024] {taskinstance.py:1267} INFO - Marking task as SUCCESS. dag_id=asdag, task_id=spotify_etl, execution_date=20211211T000000, start_date=20220129T220655, end_date=20220129T220656
[2022-01-29 22:06:56,071] {local_task_job.py:154} INFO - Task exited with return code 0
[2022-01-29 22:06:56,092] {local_task_job.py:264} INFO - 0 downstream tasks scheduled from follow-on schedule check
