[2022-01-29 21:38:42,508] {taskinstance.py:1032} INFO - Dependencies all met for <TaskInstance: asdag.spotify_etl scheduled__2020-09-12T00:00:00+00:00 [queued]>
[2022-01-29 21:38:42,515] {taskinstance.py:1032} INFO - Dependencies all met for <TaskInstance: asdag.spotify_etl scheduled__2020-09-12T00:00:00+00:00 [queued]>
[2022-01-29 21:38:42,516] {taskinstance.py:1238} INFO - 
--------------------------------------------------------------------------------
[2022-01-29 21:38:42,516] {taskinstance.py:1239} INFO - Starting attempt 1 of 2
[2022-01-29 21:38:42,516] {taskinstance.py:1240} INFO - 
--------------------------------------------------------------------------------
[2022-01-29 21:38:42,524] {taskinstance.py:1259} INFO - Executing <Task(PythonOperator): spotify_etl> on 2020-09-12 00:00:00+00:00
[2022-01-29 21:38:42,526] {standard_task_runner.py:52} INFO - Started process 3931 to run task
[2022-01-29 21:38:42,532] {standard_task_runner.py:76} INFO - Running: ['airflow', 'tasks', 'run', 'asdag', 'spotify_etl', 'scheduled__2020-09-12T00:00:00+00:00', '--job-id', '232', '--raw', '--subdir', 'DAGS_FOLDER/sdag.py', '--cfg-path', '/var/folders/nx/v6d0bskn22s742wqx2vwc_rm0000gn/T/tmpxm_512sh', '--error-file', '/var/folders/nx/v6d0bskn22s742wqx2vwc_rm0000gn/T/tmp7h9koq6p']
[2022-01-29 21:38:42,534] {standard_task_runner.py:77} INFO - Job 232: Subtask spotify_etl
[2022-01-29 21:38:42,579] {logging_mixin.py:109} INFO - Running <TaskInstance: asdag.spotify_etl scheduled__2020-09-12T00:00:00+00:00 [running]> on host Anurags-MacBook-Pro.local
[2022-01-29 21:38:42,619] {taskinstance.py:1424} INFO - Exporting the following env vars:
AIRFLOW_CTX_DAG_EMAIL=airflow@example.com
AIRFLOW_CTX_DAG_OWNER=airflow
AIRFLOW_CTX_DAG_ID=asdag
AIRFLOW_CTX_TASK_ID=spotify_etl
AIRFLOW_CTX_EXECUTION_DATE=2020-09-12T00:00:00+00:00
AIRFLOW_CTX_DAG_RUN_ID=scheduled__2020-09-12T00:00:00+00:00
[2022-01-29 21:38:42,620] {logging_mixin.py:109} INFO - Showing  something
[2022-01-29 21:38:42,621] {python.py:175} INFO - Done. Returned value was: None
[2022-01-29 21:38:42,627] {taskinstance.py:1267} INFO - Marking task as SUCCESS. dag_id=asdag, task_id=spotify_etl, execution_date=20200912T000000, start_date=20220129T213842, end_date=20220129T213842
[2022-01-29 21:38:42,687] {local_task_job.py:154} INFO - Task exited with return code 0
[2022-01-29 21:38:42,705] {local_task_job.py:264} INFO - 0 downstream tasks scheduled from follow-on schedule check
