[2022-01-29 21:07:29,211] {processor.py:163} INFO - Started process (PID=2911) to work on /Users/user/Youtubed/YTVM/lib/python3.9/site-packages/airflow/example_dags/plugins/workday.py
[2022-01-29 21:07:29,212] {processor.py:642} INFO - Processing file /Users/user/Youtubed/YTVM/lib/python3.9/site-packages/airflow/example_dags/plugins/workday.py for tasks to queue
[2022-01-29 21:07:29,212] {logging_mixin.py:109} INFO - [2022-01-29 21:07:29,212] {dagbag.py:500} INFO - Filling up the DagBag from /Users/user/Youtubed/YTVM/lib/python3.9/site-packages/airflow/example_dags/plugins/workday.py
[2022-01-29 21:07:29,240] {processor.py:656} WARNING - No viable dags retrieved from /Users/user/Youtubed/YTVM/lib/python3.9/site-packages/airflow/example_dags/plugins/workday.py
[2022-01-29 21:07:29,242] {processor.py:171} INFO - Processing /Users/user/Youtubed/YTVM/lib/python3.9/site-packages/airflow/example_dags/plugins/workday.py took 0.032 seconds
[2022-01-29 21:09:24,372] {processor.py:163} INFO - Started process (PID=2962) to work on /Users/user/Youtubed/YTVM/lib/python3.9/site-packages/airflow/example_dags/plugins/workday.py
[2022-01-29 21:09:24,381] {processor.py:642} INFO - Processing file /Users/user/Youtubed/YTVM/lib/python3.9/site-packages/airflow/example_dags/plugins/workday.py for tasks to queue
[2022-01-29 21:09:24,382] {logging_mixin.py:109} INFO - [2022-01-29 21:09:24,382] {dagbag.py:500} INFO - Filling up the DagBag from /Users/user/Youtubed/YTVM/lib/python3.9/site-packages/airflow/example_dags/plugins/workday.py
[2022-01-29 21:09:24,411] {processor.py:656} WARNING - No viable dags retrieved from /Users/user/Youtubed/YTVM/lib/python3.9/site-packages/airflow/example_dags/plugins/workday.py
[2022-01-29 21:09:24,414] {processor.py:171} INFO - Processing /Users/user/Youtubed/YTVM/lib/python3.9/site-packages/airflow/example_dags/plugins/workday.py took 0.043 seconds
[2022-01-29 21:10:34,023] {processor.py:163} INFO - Started process (PID=2986) to work on /Users/user/Youtubed/YTVM/lib/python3.9/site-packages/airflow/example_dags/plugins/workday.py
[2022-01-29 21:10:34,032] {processor.py:642} INFO - Processing file /Users/user/Youtubed/YTVM/lib/python3.9/site-packages/airflow/example_dags/plugins/workday.py for tasks to queue
[2022-01-29 21:10:34,033] {logging_mixin.py:109} INFO - [2022-01-29 21:10:34,032] {dagbag.py:500} INFO - Filling up the DagBag from /Users/user/Youtubed/YTVM/lib/python3.9/site-packages/airflow/example_dags/plugins/workday.py
[2022-01-29 21:10:34,060] {processor.py:656} WARNING - No viable dags retrieved from /Users/user/Youtubed/YTVM/lib/python3.9/site-packages/airflow/example_dags/plugins/workday.py
[2022-01-29 21:10:34,062] {processor.py:171} INFO - Processing /Users/user/Youtubed/YTVM/lib/python3.9/site-packages/airflow/example_dags/plugins/workday.py took 0.040 seconds
[2022-01-29 21:11:52,655] {processor.py:163} INFO - Started process (PID=3043) to work on /Users/user/Youtubed/YTVM/lib/python3.9/site-packages/airflow/example_dags/plugins/workday.py
[2022-01-29 21:11:52,663] {processor.py:642} INFO - Processing file /Users/user/Youtubed/YTVM/lib/python3.9/site-packages/airflow/example_dags/plugins/workday.py for tasks to queue
[2022-01-29 21:11:52,664] {logging_mixin.py:109} INFO - [2022-01-29 21:11:52,664] {dagbag.py:500} INFO - Filling up the DagBag from /Users/user/Youtubed/YTVM/lib/python3.9/site-packages/airflow/example_dags/plugins/workday.py
[2022-01-29 21:11:52,692] {processor.py:656} WARNING - No viable dags retrieved from /Users/user/Youtubed/YTVM/lib/python3.9/site-packages/airflow/example_dags/plugins/workday.py
[2022-01-29 21:11:52,693] {processor.py:171} INFO - Processing /Users/user/Youtubed/YTVM/lib/python3.9/site-packages/airflow/example_dags/plugins/workday.py took 0.039 seconds
[2022-01-29 21:13:03,352] {processor.py:163} INFO - Started process (PID=3068) to work on /Users/user/Youtubed/YTVM/lib/python3.9/site-packages/airflow/example_dags/plugins/workday.py
[2022-01-29 21:13:03,361] {processor.py:642} INFO - Processing file /Users/user/Youtubed/YTVM/lib/python3.9/site-packages/airflow/example_dags/plugins/workday.py for tasks to queue
[2022-01-29 21:13:03,363] {logging_mixin.py:109} INFO - [2022-01-29 21:13:03,362] {dagbag.py:500} INFO - Filling up the DagBag from /Users/user/Youtubed/YTVM/lib/python3.9/site-packages/airflow/example_dags/plugins/workday.py
[2022-01-29 21:13:03,407] {processor.py:656} WARNING - No viable dags retrieved from /Users/user/Youtubed/YTVM/lib/python3.9/site-packages/airflow/example_dags/plugins/workday.py
[2022-01-29 21:13:03,408] {processor.py:171} INFO - Processing /Users/user/Youtubed/YTVM/lib/python3.9/site-packages/airflow/example_dags/plugins/workday.py took 0.057 seconds
[2022-01-29 21:14:37,973] {processor.py:163} INFO - Started process (PID=3094) to work on /Users/user/Youtubed/YTVM/lib/python3.9/site-packages/airflow/example_dags/plugins/workday.py
[2022-01-29 21:14:37,981] {processor.py:642} INFO - Processing file /Users/user/Youtubed/YTVM/lib/python3.9/site-packages/airflow/example_dags/plugins/workday.py for tasks to queue
[2022-01-29 21:14:37,982] {logging_mixin.py:109} INFO - [2022-01-29 21:14:37,982] {dagbag.py:500} INFO - Filling up the DagBag from /Users/user/Youtubed/YTVM/lib/python3.9/site-packages/airflow/example_dags/plugins/workday.py
[2022-01-29 21:14:38,030] {processor.py:656} WARNING - No viable dags retrieved from /Users/user/Youtubed/YTVM/lib/python3.9/site-packages/airflow/example_dags/plugins/workday.py
[2022-01-29 21:14:38,035] {processor.py:171} INFO - Processing /Users/user/Youtubed/YTVM/lib/python3.9/site-packages/airflow/example_dags/plugins/workday.py took 0.063 seconds
[2022-01-29 21:16:00,095] {processor.py:163} INFO - Started process (PID=3135) to work on /Users/user/Youtubed/YTVM/lib/python3.9/site-packages/airflow/example_dags/plugins/workday.py
[2022-01-29 21:16:00,096] {processor.py:642} INFO - Processing file /Users/user/Youtubed/YTVM/lib/python3.9/site-packages/airflow/example_dags/plugins/workday.py for tasks to queue
[2022-01-29 21:16:00,096] {logging_mixin.py:109} INFO - [2022-01-29 21:16:00,096] {dagbag.py:500} INFO - Filling up the DagBag from /Users/user/Youtubed/YTVM/lib/python3.9/site-packages/airflow/example_dags/plugins/workday.py
[2022-01-29 21:16:00,125] {processor.py:656} WARNING - No viable dags retrieved from /Users/user/Youtubed/YTVM/lib/python3.9/site-packages/airflow/example_dags/plugins/workday.py
[2022-01-29 21:16:00,126] {processor.py:171} INFO - Processing /Users/user/Youtubed/YTVM/lib/python3.9/site-packages/airflow/example_dags/plugins/workday.py took 0.032 seconds
[2022-01-29 21:17:21,396] {processor.py:163} INFO - Started process (PID=3170) to work on /Users/user/Youtubed/YTVM/lib/python3.9/site-packages/airflow/example_dags/plugins/workday.py
[2022-01-29 21:17:21,397] {processor.py:642} INFO - Processing file /Users/user/Youtubed/YTVM/lib/python3.9/site-packages/airflow/example_dags/plugins/workday.py for tasks to queue
[2022-01-29 21:17:21,397] {logging_mixin.py:109} INFO - [2022-01-29 21:17:21,397] {dagbag.py:500} INFO - Filling up the DagBag from /Users/user/Youtubed/YTVM/lib/python3.9/site-packages/airflow/example_dags/plugins/workday.py
[2022-01-29 21:17:21,431] {processor.py:656} WARNING - No viable dags retrieved from /Users/user/Youtubed/YTVM/lib/python3.9/site-packages/airflow/example_dags/plugins/workday.py
[2022-01-29 21:17:21,433] {processor.py:171} INFO - Processing /Users/user/Youtubed/YTVM/lib/python3.9/site-packages/airflow/example_dags/plugins/workday.py took 0.039 seconds
