[2022-01-29 21:52:48,351] {taskinstance.py:1032} INFO - Dependencies all met for <TaskInstance: asdag.spotify_etl scheduled__2021-05-16T00:00:00+00:00 [queued]>
[2022-01-29 21:52:48,359] {taskinstance.py:1032} INFO - Dependencies all met for <TaskInstance: asdag.spotify_etl scheduled__2021-05-16T00:00:00+00:00 [queued]>
[2022-01-29 21:52:48,359] {taskinstance.py:1238} INFO - 
--------------------------------------------------------------------------------
[2022-01-29 21:52:48,360] {taskinstance.py:1239} INFO - Starting attempt 1 of 2
[2022-01-29 21:52:48,360] {taskinstance.py:1240} INFO - 
--------------------------------------------------------------------------------
[2022-01-29 21:52:48,369] {taskinstance.py:1259} INFO - Executing <Task(PythonOperator): spotify_etl> on 2021-05-16 00:00:00+00:00
[2022-01-29 21:52:48,372] {standard_task_runner.py:52} INFO - Started process 4492 to run task
[2022-01-29 21:52:48,378] {standard_task_runner.py:76} INFO - Running: ['airflow', 'tasks', 'run', 'asdag', 'spotify_etl', 'scheduled__2021-05-16T00:00:00+00:00', '--job-id', '478', '--raw', '--subdir', 'DAGS_FOLDER/sdag.py', '--cfg-path', '/var/folders/nx/v6d0bskn22s742wqx2vwc_rm0000gn/T/tmpd644nuzo', '--error-file', '/var/folders/nx/v6d0bskn22s742wqx2vwc_rm0000gn/T/tmpbclu5o3k']
[2022-01-29 21:52:48,380] {standard_task_runner.py:77} INFO - Job 478: Subtask spotify_etl
[2022-01-29 21:52:48,420] {logging_mixin.py:109} INFO - Running <TaskInstance: asdag.spotify_etl scheduled__2021-05-16T00:00:00+00:00 [running]> on host Anurags-MacBook-Pro.local
[2022-01-29 21:52:48,461] {taskinstance.py:1424} INFO - Exporting the following env vars:
AIRFLOW_CTX_DAG_EMAIL=airflow@example.com
AIRFLOW_CTX_DAG_OWNER=airflow
AIRFLOW_CTX_DAG_ID=asdag
AIRFLOW_CTX_TASK_ID=spotify_etl
AIRFLOW_CTX_EXECUTION_DATE=2021-05-16T00:00:00+00:00
AIRFLOW_CTX_DAG_RUN_ID=scheduled__2021-05-16T00:00:00+00:00
[2022-01-29 21:52:48,462] {logging_mixin.py:109} INFO - Showing  something
[2022-01-29 21:52:48,462] {python.py:175} INFO - Done. Returned value was: None
[2022-01-29 21:52:48,469] {taskinstance.py:1267} INFO - Marking task as SUCCESS. dag_id=asdag, task_id=spotify_etl, execution_date=20210516T000000, start_date=20220129T215248, end_date=20220129T215248
[2022-01-29 21:52:48,489] {local_task_job.py:154} INFO - Task exited with return code 0
[2022-01-29 21:52:48,505] {local_task_job.py:264} INFO - 0 downstream tasks scheduled from follow-on schedule check
