[2022-01-29 21:48:32,653] {taskinstance.py:1032} INFO - Dependencies all met for <TaskInstance: asdag.spotify_etl scheduled__2021-02-20T00:00:00+00:00 [queued]>
[2022-01-29 21:48:32,662] {taskinstance.py:1032} INFO - Dependencies all met for <TaskInstance: asdag.spotify_etl scheduled__2021-02-20T00:00:00+00:00 [queued]>
[2022-01-29 21:48:32,662] {taskinstance.py:1238} INFO - 
--------------------------------------------------------------------------------
[2022-01-29 21:48:32,662] {taskinstance.py:1239} INFO - Starting attempt 1 of 2
[2022-01-29 21:48:32,662] {taskinstance.py:1240} INFO - 
--------------------------------------------------------------------------------
[2022-01-29 21:48:32,671] {taskinstance.py:1259} INFO - Executing <Task(PythonOperator): spotify_etl> on 2021-02-20 00:00:00+00:00
[2022-01-29 21:48:32,673] {standard_task_runner.py:52} INFO - Started process 4303 to run task
[2022-01-29 21:48:32,678] {standard_task_runner.py:76} INFO - Running: ['airflow', 'tasks', 'run', 'asdag', 'spotify_etl', 'scheduled__2021-02-20T00:00:00+00:00', '--job-id', '393', '--raw', '--subdir', 'DAGS_FOLDER/sdag.py', '--cfg-path', '/var/folders/nx/v6d0bskn22s742wqx2vwc_rm0000gn/T/tmpxb4kgsl4', '--error-file', '/var/folders/nx/v6d0bskn22s742wqx2vwc_rm0000gn/T/tmpf8z473wc']
[2022-01-29 21:48:32,680] {standard_task_runner.py:77} INFO - Job 393: Subtask spotify_etl
[2022-01-29 21:48:32,725] {logging_mixin.py:109} INFO - Running <TaskInstance: asdag.spotify_etl scheduled__2021-02-20T00:00:00+00:00 [running]> on host Anurags-MacBook-Pro.local
[2022-01-29 21:48:32,765] {taskinstance.py:1424} INFO - Exporting the following env vars:
AIRFLOW_CTX_DAG_EMAIL=airflow@example.com
AIRFLOW_CTX_DAG_OWNER=airflow
AIRFLOW_CTX_DAG_ID=asdag
AIRFLOW_CTX_TASK_ID=spotify_etl
AIRFLOW_CTX_EXECUTION_DATE=2021-02-20T00:00:00+00:00
AIRFLOW_CTX_DAG_RUN_ID=scheduled__2021-02-20T00:00:00+00:00
[2022-01-29 21:48:32,766] {logging_mixin.py:109} INFO - Showing  something
[2022-01-29 21:48:32,767] {python.py:175} INFO - Done. Returned value was: None
[2022-01-29 21:48:32,772] {taskinstance.py:1267} INFO - Marking task as SUCCESS. dag_id=asdag, task_id=spotify_etl, execution_date=20210220T000000, start_date=20220129T214832, end_date=20220129T214832
[2022-01-29 21:48:32,821] {local_task_job.py:154} INFO - Task exited with return code 0
[2022-01-29 21:48:32,839] {local_task_job.py:264} INFO - 0 downstream tasks scheduled from follow-on schedule check
