[2022-01-29 22:24:36,473] {taskinstance.py:1032} INFO - Dependencies all met for <TaskInstance: asdag.spotify_etl scheduled__2022-01-28T00:00:00+00:00 [queued]>
[2022-01-29 22:24:36,483] {taskinstance.py:1032} INFO - Dependencies all met for <TaskInstance: asdag.spotify_etl scheduled__2022-01-28T00:00:00+00:00 [queued]>
[2022-01-29 22:24:36,483] {taskinstance.py:1238} INFO - 
--------------------------------------------------------------------------------
[2022-01-29 22:24:36,483] {taskinstance.py:1239} INFO - Starting attempt 1 of 2
[2022-01-29 22:24:36,483] {taskinstance.py:1240} INFO - 
--------------------------------------------------------------------------------
[2022-01-29 22:24:36,499] {taskinstance.py:1259} INFO - Executing <Task(PythonOperator): spotify_etl> on 2022-01-28 00:00:00+00:00
[2022-01-29 22:24:36,501] {standard_task_runner.py:52} INFO - Started process 7179 to run task
[2022-01-29 22:24:36,511] {standard_task_runner.py:76} INFO - Running: ['airflow', 'tasks', 'run', 'asdag', 'spotify_etl', 'scheduled__2022-01-28T00:00:00+00:00', '--job-id', '737', '--raw', '--subdir', 'DAGS_FOLDER/sdag.py', '--cfg-path', '/var/folders/nx/v6d0bskn22s742wqx2vwc_rm0000gn/T/tmpy1eaf526', '--error-file', '/var/folders/nx/v6d0bskn22s742wqx2vwc_rm0000gn/T/tmp_vo50mj6']
[2022-01-29 22:24:36,513] {standard_task_runner.py:77} INFO - Job 737: Subtask spotify_etl
[2022-01-29 22:24:36,562] {logging_mixin.py:109} INFO - Running <TaskInstance: asdag.spotify_etl scheduled__2022-01-28T00:00:00+00:00 [running]> on host Anurags-MacBook-Pro.local
[2022-01-29 22:24:36,629] {taskinstance.py:1424} INFO - Exporting the following env vars:
AIRFLOW_CTX_DAG_EMAIL=airflow@example.com
AIRFLOW_CTX_DAG_OWNER=airflow
AIRFLOW_CTX_DAG_ID=asdag
AIRFLOW_CTX_TASK_ID=spotify_etl
AIRFLOW_CTX_EXECUTION_DATE=2022-01-28T00:00:00+00:00
AIRFLOW_CTX_DAG_RUN_ID=scheduled__2022-01-28T00:00:00+00:00
[2022-01-29 22:24:36,631] {logging_mixin.py:109} INFO - Showing  something
[2022-01-29 22:24:36,632] {python.py:175} INFO - Done. Returned value was: None
[2022-01-29 22:24:36,637] {taskinstance.py:1267} INFO - Marking task as SUCCESS. dag_id=asdag, task_id=spotify_etl, execution_date=20220128T000000, start_date=20220129T222436, end_date=20220129T222436
[2022-01-29 22:24:36,689] {local_task_job.py:154} INFO - Task exited with return code 0
[2022-01-29 22:24:36,709] {local_task_job.py:264} INFO - 0 downstream tasks scheduled from follow-on schedule check
