[2022-01-29 22:06:34,059] {taskinstance.py:1032} INFO - Dependencies all met for <TaskInstance: asdag.spotify_etl scheduled__2021-12-04T00:00:00+00:00 [queued]>
[2022-01-29 22:06:34,067] {taskinstance.py:1032} INFO - Dependencies all met for <TaskInstance: asdag.spotify_etl scheduled__2021-12-04T00:00:00+00:00 [queued]>
[2022-01-29 22:06:34,067] {taskinstance.py:1238} INFO - 
--------------------------------------------------------------------------------
[2022-01-29 22:06:34,067] {taskinstance.py:1239} INFO - Starting attempt 1 of 2
[2022-01-29 22:06:34,067] {taskinstance.py:1240} INFO - 
--------------------------------------------------------------------------------
[2022-01-29 22:06:34,076] {taskinstance.py:1259} INFO - Executing <Task(PythonOperator): spotify_etl> on 2021-12-04 00:00:00+00:00
[2022-01-29 22:06:34,078] {standard_task_runner.py:52} INFO - Started process 5216 to run task
[2022-01-29 22:06:34,085] {standard_task_runner.py:76} INFO - Running: ['airflow', 'tasks', 'run', 'asdag', 'spotify_etl', 'scheduled__2021-12-04T00:00:00+00:00', '--job-id', '680', '--raw', '--subdir', 'DAGS_FOLDER/sdag.py', '--cfg-path', '/var/folders/nx/v6d0bskn22s742wqx2vwc_rm0000gn/T/tmpm9d1wato', '--error-file', '/var/folders/nx/v6d0bskn22s742wqx2vwc_rm0000gn/T/tmprx7fdr5g']
[2022-01-29 22:06:34,088] {standard_task_runner.py:77} INFO - Job 680: Subtask spotify_etl
[2022-01-29 22:06:34,134] {logging_mixin.py:109} INFO - Running <TaskInstance: asdag.spotify_etl scheduled__2021-12-04T00:00:00+00:00 [running]> on host 1.0.0.0.0.0.0.0.0.0.0.0.0.0.0.0.0.0.0.0.0.0.0.0.0.0.0.0.0.0.0.0.ip6.arpa
[2022-01-29 22:06:34,178] {taskinstance.py:1424} INFO - Exporting the following env vars:
AIRFLOW_CTX_DAG_EMAIL=airflow@example.com
AIRFLOW_CTX_DAG_OWNER=airflow
AIRFLOW_CTX_DAG_ID=asdag
AIRFLOW_CTX_TASK_ID=spotify_etl
AIRFLOW_CTX_EXECUTION_DATE=2021-12-04T00:00:00+00:00
AIRFLOW_CTX_DAG_RUN_ID=scheduled__2021-12-04T00:00:00+00:00
[2022-01-29 22:06:34,179] {logging_mixin.py:109} INFO - Showing  something
[2022-01-29 22:06:34,179] {python.py:175} INFO - Done. Returned value was: None
[2022-01-29 22:06:34,185] {taskinstance.py:1267} INFO - Marking task as SUCCESS. dag_id=asdag, task_id=spotify_etl, execution_date=20211204T000000, start_date=20220129T220634, end_date=20220129T220634
[2022-01-29 22:06:34,228] {local_task_job.py:154} INFO - Task exited with return code 0
[2022-01-29 22:06:34,244] {local_task_job.py:264} INFO - 0 downstream tasks scheduled from follow-on schedule check
