[2022-01-29 21:25:11,316] {taskinstance.py:1032} INFO - Dependencies all met for <TaskInstance: asdag.spotify_etl scheduled__2020-02-01T00:00:00+00:00 [queued]>
[2022-01-29 21:25:11,331] {taskinstance.py:1032} INFO - Dependencies all met for <TaskInstance: asdag.spotify_etl scheduled__2020-02-01T00:00:00+00:00 [queued]>
[2022-01-29 21:25:11,332] {taskinstance.py:1238} INFO - 
--------------------------------------------------------------------------------
[2022-01-29 21:25:11,332] {taskinstance.py:1239} INFO - Starting attempt 1 of 2
[2022-01-29 21:25:11,332] {taskinstance.py:1240} INFO - 
--------------------------------------------------------------------------------
[2022-01-29 21:25:11,351] {taskinstance.py:1259} INFO - Executing <Task(PythonOperator): spotify_etl> on 2020-02-01 00:00:00+00:00
[2022-01-29 21:25:11,359] {standard_task_runner.py:52} INFO - Started process 3303 to run task
[2022-01-29 21:25:11,374] {standard_task_runner.py:76} INFO - Running: ['airflow', 'tasks', 'run', 'asdag', 'spotify_etl', 'scheduled__2020-02-01T00:00:00+00:00', '--job-id', '8', '--raw', '--subdir', 'DAGS_FOLDER/sdag.py', '--cfg-path', '/var/folders/nx/v6d0bskn22s742wqx2vwc_rm0000gn/T/tmp_xjuzpfc', '--error-file', '/var/folders/nx/v6d0bskn22s742wqx2vwc_rm0000gn/T/tmp5s5049zr']
[2022-01-29 21:25:11,378] {standard_task_runner.py:77} INFO - Job 8: Subtask spotify_etl
[2022-01-29 21:25:11,445] {logging_mixin.py:109} INFO - Running <TaskInstance: asdag.spotify_etl scheduled__2020-02-01T00:00:00+00:00 [running]> on host Anurags-MacBook-Pro.local
[2022-01-29 21:25:11,502] {taskinstance.py:1424} INFO - Exporting the following env vars:
AIRFLOW_CTX_DAG_EMAIL=airflow@example.com
AIRFLOW_CTX_DAG_OWNER=airflow
AIRFLOW_CTX_DAG_ID=asdag
AIRFLOW_CTX_TASK_ID=spotify_etl
AIRFLOW_CTX_EXECUTION_DATE=2020-02-01T00:00:00+00:00
AIRFLOW_CTX_DAG_RUN_ID=scheduled__2020-02-01T00:00:00+00:00
[2022-01-29 21:25:11,504] {logging_mixin.py:109} INFO - Showing  something
[2022-01-29 21:25:11,504] {python.py:175} INFO - Done. Returned value was: None
[2022-01-29 21:25:11,510] {taskinstance.py:1267} INFO - Marking task as SUCCESS. dag_id=asdag, task_id=spotify_etl, execution_date=20200201T000000, start_date=20220129T212511, end_date=20220129T212511
[2022-01-29 21:25:11,556] {local_task_job.py:154} INFO - Task exited with return code 0
[2022-01-29 21:25:11,575] {local_task_job.py:264} INFO - 0 downstream tasks scheduled from follow-on schedule check
